Copyright 1986-2019 Xilinx, Inc. All Rights Reserved.
--------------------------------------------------------------------------------------------------------------------------------------------------------------------------------------
| Tool Version : Vivado v.2019.2 (lin64) Build 2708876 Wed Nov  6 21:39:14 MST 2019
| Date         : Wed Apr 21 18:51:36 2021
| Host         : parallels-Parallels-Virtual-Platform running 64-bit Ubuntu 18.04.5 LTS
| Command      : report_methodology -file design_1_wrapper_methodology_drc_routed.rpt -pb design_1_wrapper_methodology_drc_routed.pb -rpx design_1_wrapper_methodology_drc_routed.rpx
| Design       : design_1_wrapper
| Device       : xc7a35tcsg324-2
| Speed File   : -2
| Design State : Fully Routed
--------------------------------------------------------------------------------------------------------------------------------------------------------------------------------------

Report Methodology

Table of Contents
-----------------
1. REPORT SUMMARY
2. REPORT DETAILS

1. REPORT SUMMARY
-----------------
            Netlist: netlist
          Floorplan: design_1
      Design limits: <entire design considered>
             Max violations: <unlimited>
             Violations found: 183
+-----------+----------+-------------------------------+------------+
| Rule      | Severity | Description                   | Violations |
+-----------+----------+-------------------------------+------------+
| LUTAR-1   | Warning  | LUT drives async reset alert  | 1          |
| TIMING-9  | Warning  | Unknown CDC Logic             | 1          |
| TIMING-18 | Warning  | Missing input or output delay | 181        |
+-----------+----------+-------------------------------+------------+

2. REPORT DETAILS
-----------------
LUTAR-1#1 Warning
LUT drives async reset alert  
LUT cell design_1_i/mdm_1/U0/MDM_Core_I1/JTAG_CONTROL_I/sel_n_i_2, with 2 or more inputs, drives asynchronous preset/clear pin(s) design_1_i/mdm_1/U0/MDM_Core_I1/JTAG_CONTROL_I/sel_n_reg/PRE. The LUT may glitch and trigger an unexpected reset, even if it is a properly timed path.
Related violations: <none>

TIMING-9#1 Warning
Unknown CDC Logic  
One or more asynchronous Clock Domain Crossing has been detected between 2 clock domains through a set_false_path or a set_clock_groups or set_max_delay -datapath_only constraint but no double-registers logic synchronizer has been found on the side of the capture clock. It is recommended to run report_cdc for a complete and detailed CDC coverage. Please consider using XPM_CDC to avoid Critical severities
Related violations: <none>

TIMING-18#1 Warning
Missing input or output delay  
An input delay is missing on p1a_tri_io[0] relative to clock(s) sys_clock
Related violations: <none>

TIMING-18#2 Warning
Missing input or output delay  
An input delay is missing on p1a_tri_io[10] relative to clock(s) sys_clock
Related violations: <none>

TIMING-18#3 Warning
Missing input or output delay  
An input delay is missing on p1a_tri_io[11] relative to clock(s) sys_clock
Related violations: <none>

TIMING-18#4 Warning
Missing input or output delay  
An input delay is missing on p1a_tri_io[12] relative to clock(s) sys_clock
Related violations: <none>

TIMING-18#5 Warning
Missing input or output delay  
An input delay is missing on p1a_tri_io[13] relative to clock(s) sys_clock
Related violations: <none>

TIMING-18#6 Warning
Missing input or output delay  
An input delay is missing on p1a_tri_io[14] relative to clock(s) sys_clock
Related violations: <none>

TIMING-18#7 Warning
Missing input or output delay  
An input delay is missing on p1a_tri_io[15] relative to clock(s) sys_clock
Related violations: <none>

TIMING-18#8 Warning
Missing input or output delay  
An input delay is missing on p1a_tri_io[16] relative to clock(s) sys_clock
Related violations: <none>

TIMING-18#9 Warning
Missing input or output delay  
An input delay is missing on p1a_tri_io[17] relative to clock(s) sys_clock
Related violations: <none>

TIMING-18#10 Warning
Missing input or output delay  
An input delay is missing on p1a_tri_io[18] relative to clock(s) sys_clock
Related violations: <none>

TIMING-18#11 Warning
Missing input or output delay  
An input delay is missing on p1a_tri_io[19] relative to clock(s) sys_clock
Related violations: <none>

TIMING-18#12 Warning
Missing input or output delay  
An input delay is missing on p1a_tri_io[1] relative to clock(s) sys_clock
Related violations: <none>

TIMING-18#13 Warning
Missing input or output delay  
An input delay is missing on p1a_tri_io[20] relative to clock(s) sys_clock
Related violations: <none>

TIMING-18#14 Warning
Missing input or output delay  
An input delay is missing on p1a_tri_io[21] relative to clock(s) sys_clock
Related violations: <none>

TIMING-18#15 Warning
Missing input or output delay  
An input delay is missing on p1a_tri_io[22] relative to clock(s) sys_clock
Related violations: <none>

TIMING-18#16 Warning
Missing input or output delay  
An input delay is missing on p1a_tri_io[23] relative to clock(s) sys_clock
Related violations: <none>

TIMING-18#17 Warning
Missing input or output delay  
An input delay is missing on p1a_tri_io[24] relative to clock(s) sys_clock
Related violations: <none>

TIMING-18#18 Warning
Missing input or output delay  
An input delay is missing on p1a_tri_io[25] relative to clock(s) sys_clock
Related violations: <none>

TIMING-18#19 Warning
Missing input or output delay  
An input delay is missing on p1a_tri_io[26] relative to clock(s) sys_clock
Related violations: <none>

TIMING-18#20 Warning
Missing input or output delay  
An input delay is missing on p1a_tri_io[27] relative to clock(s) sys_clock
Related violations: <none>

TIMING-18#21 Warning
Missing input or output delay  
An input delay is missing on p1a_tri_io[28] relative to clock(s) sys_clock
Related violations: <none>

TIMING-18#22 Warning
Missing input or output delay  
An input delay is missing on p1a_tri_io[29] relative to clock(s) sys_clock
Related violations: <none>

TIMING-18#23 Warning
Missing input or output delay  
An input delay is missing on p1a_tri_io[2] relative to clock(s) sys_clock
Related violations: <none>

TIMING-18#24 Warning
Missing input or output delay  
An input delay is missing on p1a_tri_io[30] relative to clock(s) sys_clock
Related violations: <none>

TIMING-18#25 Warning
Missing input or output delay  
An input delay is missing on p1a_tri_io[31] relative to clock(s) sys_clock
Related violations: <none>

TIMING-18#26 Warning
Missing input or output delay  
An input delay is missing on p1a_tri_io[3] relative to clock(s) sys_clock
Related violations: <none>

TIMING-18#27 Warning
Missing input or output delay  
An input delay is missing on p1a_tri_io[4] relative to clock(s) sys_clock
Related violations: <none>

TIMING-18#28 Warning
Missing input or output delay  
An input delay is missing on p1a_tri_io[5] relative to clock(s) sys_clock
Related violations: <none>

TIMING-18#29 Warning
Missing input or output delay  
An input delay is missing on p1a_tri_io[6] relative to clock(s) sys_clock
Related violations: <none>

TIMING-18#30 Warning
Missing input or output delay  
An input delay is missing on p1a_tri_io[7] relative to clock(s) sys_clock
Related violations: <none>

TIMING-18#31 Warning
Missing input or output delay  
An input delay is missing on p1a_tri_io[8] relative to clock(s) sys_clock
Related violations: <none>

TIMING-18#32 Warning
Missing input or output delay  
An input delay is missing on p1a_tri_io[9] relative to clock(s) sys_clock
Related violations: <none>

TIMING-18#33 Warning
Missing input or output delay  
An input delay is missing on p1b_tri_io[0] relative to clock(s) sys_clock
Related violations: <none>

TIMING-18#34 Warning
Missing input or output delay  
An input delay is missing on p1b_tri_io[10] relative to clock(s) sys_clock
Related violations: <none>

TIMING-18#35 Warning
Missing input or output delay  
An input delay is missing on p1b_tri_io[11] relative to clock(s) sys_clock
Related violations: <none>

TIMING-18#36 Warning
Missing input or output delay  
An input delay is missing on p1b_tri_io[12] relative to clock(s) sys_clock
Related violations: <none>

TIMING-18#37 Warning
Missing input or output delay  
An input delay is missing on p1b_tri_io[13] relative to clock(s) sys_clock
Related violations: <none>

TIMING-18#38 Warning
Missing input or output delay  
An input delay is missing on p1b_tri_io[14] relative to clock(s) sys_clock
Related violations: <none>

TIMING-18#39 Warning
Missing input or output delay  
An input delay is missing on p1b_tri_io[15] relative to clock(s) sys_clock
Related violations: <none>

TIMING-18#40 Warning
Missing input or output delay  
An input delay is missing on p1b_tri_io[1] relative to clock(s) sys_clock
Related violations: <none>

TIMING-18#41 Warning
Missing input or output delay  
An input delay is missing on p1b_tri_io[2] relative to clock(s) sys_clock
Related violations: <none>

TIMING-18#42 Warning
Missing input or output delay  
An input delay is missing on p1b_tri_io[3] relative to clock(s) sys_clock
Related violations: <none>

TIMING-18#43 Warning
Missing input or output delay  
An input delay is missing on p1b_tri_io[4] relative to clock(s) sys_clock
Related violations: <none>

TIMING-18#44 Warning
Missing input or output delay  
An input delay is missing on p1b_tri_io[5] relative to clock(s) sys_clock
Related violations: <none>

TIMING-18#45 Warning
Missing input or output delay  
An input delay is missing on p1b_tri_io[6] relative to clock(s) sys_clock
Related violations: <none>

TIMING-18#46 Warning
Missing input or output delay  
An input delay is missing on p1b_tri_io[7] relative to clock(s) sys_clock
Related violations: <none>

TIMING-18#47 Warning
Missing input or output delay  
An input delay is missing on p1b_tri_io[8] relative to clock(s) sys_clock
Related violations: <none>

TIMING-18#48 Warning
Missing input or output delay  
An input delay is missing on p1b_tri_io[9] relative to clock(s) sys_clock
Related violations: <none>

TIMING-18#49 Warning
Missing input or output delay  
An input delay is missing on p1c_tri_io[0] relative to clock(s) sys_clock
Related violations: <none>

TIMING-18#50 Warning
Missing input or output delay  
An input delay is missing on p1c_tri_io[1] relative to clock(s) sys_clock
Related violations: <none>

TIMING-18#51 Warning
Missing input or output delay  
An input delay is missing on p1c_tri_io[2] relative to clock(s) sys_clock
Related violations: <none>

TIMING-18#52 Warning
Missing input or output delay  
An input delay is missing on p1c_tri_io[3] relative to clock(s) sys_clock
Related violations: <none>

TIMING-18#53 Warning
Missing input or output delay  
An input delay is missing on p1c_tri_io[4] relative to clock(s) sys_clock
Related violations: <none>

TIMING-18#54 Warning
Missing input or output delay  
An input delay is missing on p1c_tri_io[5] relative to clock(s) sys_clock
Related violations: <none>

TIMING-18#55 Warning
Missing input or output delay  
An input delay is missing on p1d_tri_io[0] relative to clock(s) sys_clock
Related violations: <none>

TIMING-18#56 Warning
Missing input or output delay  
An input delay is missing on p1d_tri_io[1] relative to clock(s) sys_clock
Related violations: <none>

TIMING-18#57 Warning
Missing input or output delay  
An input delay is missing on p1d_tri_io[2] relative to clock(s) sys_clock
Related violations: <none>

TIMING-18#58 Warning
Missing input or output delay  
An input delay is missing on p1d_tri_io[3] relative to clock(s) sys_clock
Related violations: <none>

TIMING-18#59 Warning
Missing input or output delay  
An input delay is missing on p1d_tri_io[4] relative to clock(s) sys_clock
Related violations: <none>

TIMING-18#60 Warning
Missing input or output delay  
An input delay is missing on p1d_tri_io[5] relative to clock(s) sys_clock
Related violations: <none>

TIMING-18#61 Warning
Missing input or output delay  
An input delay is missing on p1d_tri_io[6] relative to clock(s) sys_clock
Related violations: <none>

TIMING-18#62 Warning
Missing input or output delay  
An input delay is missing on p1d_tri_io[7] relative to clock(s) sys_clock
Related violations: <none>

TIMING-18#63 Warning
Missing input or output delay  
An input delay is missing on p2a_tri_io[0] relative to clock(s) sys_clock
Related violations: <none>

TIMING-18#64 Warning
Missing input or output delay  
An input delay is missing on p2a_tri_io[10] relative to clock(s) sys_clock
Related violations: <none>

TIMING-18#65 Warning
Missing input or output delay  
An input delay is missing on p2a_tri_io[11] relative to clock(s) sys_clock
Related violations: <none>

TIMING-18#66 Warning
Missing input or output delay  
An input delay is missing on p2a_tri_io[12] relative to clock(s) sys_clock
Related violations: <none>

TIMING-18#67 Warning
Missing input or output delay  
An input delay is missing on p2a_tri_io[13] relative to clock(s) sys_clock
Related violations: <none>

TIMING-18#68 Warning
Missing input or output delay  
An input delay is missing on p2a_tri_io[14] relative to clock(s) sys_clock
Related violations: <none>

TIMING-18#69 Warning
Missing input or output delay  
An input delay is missing on p2a_tri_io[15] relative to clock(s) sys_clock
Related violations: <none>

TIMING-18#70 Warning
Missing input or output delay  
An input delay is missing on p2a_tri_io[16] relative to clock(s) sys_clock
Related violations: <none>

TIMING-18#71 Warning
Missing input or output delay  
An input delay is missing on p2a_tri_io[17] relative to clock(s) sys_clock
Related violations: <none>

TIMING-18#72 Warning
Missing input or output delay  
An input delay is missing on p2a_tri_io[18] relative to clock(s) sys_clock
Related violations: <none>

TIMING-18#73 Warning
Missing input or output delay  
An input delay is missing on p2a_tri_io[19] relative to clock(s) sys_clock
Related violations: <none>

TIMING-18#74 Warning
Missing input or output delay  
An input delay is missing on p2a_tri_io[1] relative to clock(s) sys_clock
Related violations: <none>

TIMING-18#75 Warning
Missing input or output delay  
An input delay is missing on p2a_tri_io[20] relative to clock(s) sys_clock
Related violations: <none>

TIMING-18#76 Warning
Missing input or output delay  
An input delay is missing on p2a_tri_io[21] relative to clock(s) sys_clock
Related violations: <none>

TIMING-18#77 Warning
Missing input or output delay  
An input delay is missing on p2a_tri_io[22] relative to clock(s) sys_clock
Related violations: <none>

TIMING-18#78 Warning
Missing input or output delay  
An input delay is missing on p2a_tri_io[23] relative to clock(s) sys_clock
Related violations: <none>

TIMING-18#79 Warning
Missing input or output delay  
An input delay is missing on p2a_tri_io[24] relative to clock(s) sys_clock
Related violations: <none>

TIMING-18#80 Warning
Missing input or output delay  
An input delay is missing on p2a_tri_io[25] relative to clock(s) sys_clock
Related violations: <none>

TIMING-18#81 Warning
Missing input or output delay  
An input delay is missing on p2a_tri_io[26] relative to clock(s) sys_clock
Related violations: <none>

TIMING-18#82 Warning
Missing input or output delay  
An input delay is missing on p2a_tri_io[27] relative to clock(s) sys_clock
Related violations: <none>

TIMING-18#83 Warning
Missing input or output delay  
An input delay is missing on p2a_tri_io[28] relative to clock(s) sys_clock
Related violations: <none>

TIMING-18#84 Warning
Missing input or output delay  
An input delay is missing on p2a_tri_io[29] relative to clock(s) sys_clock
Related violations: <none>

TIMING-18#85 Warning
Missing input or output delay  
An input delay is missing on p2a_tri_io[2] relative to clock(s) sys_clock
Related violations: <none>

TIMING-18#86 Warning
Missing input or output delay  
An input delay is missing on p2a_tri_io[30] relative to clock(s) sys_clock
Related violations: <none>

TIMING-18#87 Warning
Missing input or output delay  
An input delay is missing on p2a_tri_io[31] relative to clock(s) sys_clock
Related violations: <none>

TIMING-18#88 Warning
Missing input or output delay  
An input delay is missing on p2a_tri_io[3] relative to clock(s) sys_clock
Related violations: <none>

TIMING-18#89 Warning
Missing input or output delay  
An input delay is missing on p2a_tri_io[4] relative to clock(s) sys_clock
Related violations: <none>

TIMING-18#90 Warning
Missing input or output delay  
An input delay is missing on p2a_tri_io[5] relative to clock(s) sys_clock
Related violations: <none>

TIMING-18#91 Warning
Missing input or output delay  
An input delay is missing on p2a_tri_io[6] relative to clock(s) sys_clock
Related violations: <none>

TIMING-18#92 Warning
Missing input or output delay  
An input delay is missing on p2a_tri_io[7] relative to clock(s) sys_clock
Related violations: <none>

TIMING-18#93 Warning
Missing input or output delay  
An input delay is missing on p2a_tri_io[8] relative to clock(s) sys_clock
Related violations: <none>

TIMING-18#94 Warning
Missing input or output delay  
An input delay is missing on p2a_tri_io[9] relative to clock(s) sys_clock
Related violations: <none>

TIMING-18#95 Warning
Missing input or output delay  
An input delay is missing on p2b_tri_io[0] relative to clock(s) sys_clock
Related violations: <none>

TIMING-18#96 Warning
Missing input or output delay  
An input delay is missing on p2b_tri_io[10] relative to clock(s) sys_clock
Related violations: <none>

TIMING-18#97 Warning
Missing input or output delay  
An input delay is missing on p2b_tri_io[11] relative to clock(s) sys_clock
Related violations: <none>

TIMING-18#98 Warning
Missing input or output delay  
An input delay is missing on p2b_tri_io[12] relative to clock(s) sys_clock
Related violations: <none>

TIMING-18#99 Warning
Missing input or output delay  
An input delay is missing on p2b_tri_io[13] relative to clock(s) sys_clock
Related violations: <none>

TIMING-18#100 Warning
Missing input or output delay  
An input delay is missing on p2b_tri_io[14] relative to clock(s) sys_clock
Related violations: <none>

TIMING-18#101 Warning
Missing input or output delay  
An input delay is missing on p2b_tri_io[15] relative to clock(s) sys_clock
Related violations: <none>

TIMING-18#102 Warning
Missing input or output delay  
An input delay is missing on p2b_tri_io[16] relative to clock(s) sys_clock
Related violations: <none>

TIMING-18#103 Warning
Missing input or output delay  
An input delay is missing on p2b_tri_io[17] relative to clock(s) sys_clock
Related violations: <none>

TIMING-18#104 Warning
Missing input or output delay  
An input delay is missing on p2b_tri_io[1] relative to clock(s) sys_clock
Related violations: <none>

TIMING-18#105 Warning
Missing input or output delay  
An input delay is missing on p2b_tri_io[2] relative to clock(s) sys_clock
Related violations: <none>

TIMING-18#106 Warning
Missing input or output delay  
An input delay is missing on p2b_tri_io[3] relative to clock(s) sys_clock
Related violations: <none>

TIMING-18#107 Warning
Missing input or output delay  
An input delay is missing on p2b_tri_io[4] relative to clock(s) sys_clock
Related violations: <none>

TIMING-18#108 Warning
Missing input or output delay  
An input delay is missing on p2b_tri_io[5] relative to clock(s) sys_clock
Related violations: <none>

TIMING-18#109 Warning
Missing input or output delay  
An input delay is missing on p2b_tri_io[6] relative to clock(s) sys_clock
Related violations: <none>

TIMING-18#110 Warning
Missing input or output delay  
An input delay is missing on p2b_tri_io[7] relative to clock(s) sys_clock
Related violations: <none>

TIMING-18#111 Warning
Missing input or output delay  
An input delay is missing on p2b_tri_io[8] relative to clock(s) sys_clock
Related violations: <none>

TIMING-18#112 Warning
Missing input or output delay  
An input delay is missing on p2b_tri_io[9] relative to clock(s) sys_clock
Related violations: <none>

TIMING-18#113 Warning
Missing input or output delay  
An input delay is missing on p2c_tri_io[0] relative to clock(s) sys_clock
Related violations: <none>

TIMING-18#114 Warning
Missing input or output delay  
An input delay is missing on p2c_tri_io[10] relative to clock(s) sys_clock
Related violations: <none>

TIMING-18#115 Warning
Missing input or output delay  
An input delay is missing on p2c_tri_io[11] relative to clock(s) sys_clock
Related violations: <none>

TIMING-18#116 Warning
Missing input or output delay  
An input delay is missing on p2c_tri_io[12] relative to clock(s) sys_clock
Related violations: <none>

TIMING-18#117 Warning
Missing input or output delay  
An input delay is missing on p2c_tri_io[13] relative to clock(s) sys_clock
Related violations: <none>

TIMING-18#118 Warning
Missing input or output delay  
An input delay is missing on p2c_tri_io[14] relative to clock(s) sys_clock
Related violations: <none>

TIMING-18#119 Warning
Missing input or output delay  
An input delay is missing on p2c_tri_io[15] relative to clock(s) sys_clock
Related violations: <none>

TIMING-18#120 Warning
Missing input or output delay  
An input delay is missing on p2c_tri_io[16] relative to clock(s) sys_clock
Related violations: <none>

TIMING-18#121 Warning
Missing input or output delay  
An input delay is missing on p2c_tri_io[17] relative to clock(s) sys_clock
Related violations: <none>

TIMING-18#122 Warning
Missing input or output delay  
An input delay is missing on p2c_tri_io[1] relative to clock(s) sys_clock
Related violations: <none>

TIMING-18#123 Warning
Missing input or output delay  
An input delay is missing on p2c_tri_io[2] relative to clock(s) sys_clock
Related violations: <none>

TIMING-18#124 Warning
Missing input or output delay  
An input delay is missing on p2c_tri_io[3] relative to clock(s) sys_clock
Related violations: <none>

TIMING-18#125 Warning
Missing input or output delay  
An input delay is missing on p2c_tri_io[4] relative to clock(s) sys_clock
Related violations: <none>

TIMING-18#126 Warning
Missing input or output delay  
An input delay is missing on p2c_tri_io[5] relative to clock(s) sys_clock
Related violations: <none>

TIMING-18#127 Warning
Missing input or output delay  
An input delay is missing on p2c_tri_io[6] relative to clock(s) sys_clock
Related violations: <none>

TIMING-18#128 Warning
Missing input or output delay  
An input delay is missing on p2c_tri_io[7] relative to clock(s) sys_clock
Related violations: <none>

TIMING-18#129 Warning
Missing input or output delay  
An input delay is missing on p2c_tri_io[8] relative to clock(s) sys_clock
Related violations: <none>

TIMING-18#130 Warning
Missing input or output delay  
An input delay is missing on p2c_tri_io[9] relative to clock(s) sys_clock
Related violations: <none>

TIMING-18#131 Warning
Missing input or output delay  
An input delay is missing on p3a_tri_io[0] relative to clock(s) sys_clock
Related violations: <none>

TIMING-18#132 Warning
Missing input or output delay  
An input delay is missing on p3a_tri_io[10] relative to clock(s) sys_clock
Related violations: <none>

TIMING-18#133 Warning
Missing input or output delay  
An input delay is missing on p3a_tri_io[11] relative to clock(s) sys_clock
Related violations: <none>

TIMING-18#134 Warning
Missing input or output delay  
An input delay is missing on p3a_tri_io[12] relative to clock(s) sys_clock
Related violations: <none>

TIMING-18#135 Warning
Missing input or output delay  
An input delay is missing on p3a_tri_io[13] relative to clock(s) sys_clock
Related violations: <none>

TIMING-18#136 Warning
Missing input or output delay  
An input delay is missing on p3a_tri_io[14] relative to clock(s) sys_clock
Related violations: <none>

TIMING-18#137 Warning
Missing input or output delay  
An input delay is missing on p3a_tri_io[15] relative to clock(s) sys_clock
Related violations: <none>

TIMING-18#138 Warning
Missing input or output delay  
An input delay is missing on p3a_tri_io[16] relative to clock(s) sys_clock
Related violations: <none>

TIMING-18#139 Warning
Missing input or output delay  
An input delay is missing on p3a_tri_io[17] relative to clock(s) sys_clock
Related violations: <none>

TIMING-18#140 Warning
Missing input or output delay  
An input delay is missing on p3a_tri_io[18] relative to clock(s) sys_clock
Related violations: <none>

TIMING-18#141 Warning
Missing input or output delay  
An input delay is missing on p3a_tri_io[19] relative to clock(s) sys_clock
Related violations: <none>

TIMING-18#142 Warning
Missing input or output delay  
An input delay is missing on p3a_tri_io[1] relative to clock(s) sys_clock
Related violations: <none>

TIMING-18#143 Warning
Missing input or output delay  
An input delay is missing on p3a_tri_io[2] relative to clock(s) sys_clock
Related violations: <none>

TIMING-18#144 Warning
Missing input or output delay  
An input delay is missing on p3a_tri_io[3] relative to clock(s) sys_clock
Related violations: <none>

TIMING-18#145 Warning
Missing input or output delay  
An input delay is missing on p3a_tri_io[4] relative to clock(s) sys_clock
Related violations: <none>

TIMING-18#146 Warning
Missing input or output delay  
An input delay is missing on p3a_tri_io[5] relative to clock(s) sys_clock
Related violations: <none>

TIMING-18#147 Warning
Missing input or output delay  
An input delay is missing on p3a_tri_io[6] relative to clock(s) sys_clock
Related violations: <none>

TIMING-18#148 Warning
Missing input or output delay  
An input delay is missing on p3a_tri_io[7] relative to clock(s) sys_clock
Related violations: <none>

TIMING-18#149 Warning
Missing input or output delay  
An input delay is missing on p3a_tri_io[8] relative to clock(s) sys_clock
Related violations: <none>

TIMING-18#150 Warning
Missing input or output delay  
An input delay is missing on p3a_tri_io[9] relative to clock(s) sys_clock
Related violations: <none>

TIMING-18#151 Warning
Missing input or output delay  
An input delay is missing on p3b_tri_io[0] relative to clock(s) sys_clock
Related violations: <none>

TIMING-18#152 Warning
Missing input or output delay  
An input delay is missing on p3b_tri_io[10] relative to clock(s) sys_clock
Related violations: <none>

TIMING-18#153 Warning
Missing input or output delay  
An input delay is missing on p3b_tri_io[11] relative to clock(s) sys_clock
Related violations: <none>

TIMING-18#154 Warning
Missing input or output delay  
An input delay is missing on p3b_tri_io[12] relative to clock(s) sys_clock
Related violations: <none>

TIMING-18#155 Warning
Missing input or output delay  
An input delay is missing on p3b_tri_io[13] relative to clock(s) sys_clock
Related violations: <none>

TIMING-18#156 Warning
Missing input or output delay  
An input delay is missing on p3b_tri_io[14] relative to clock(s) sys_clock
Related violations: <none>

TIMING-18#157 Warning
Missing input or output delay  
An input delay is missing on p3b_tri_io[15] relative to clock(s) sys_clock
Related violations: <none>

TIMING-18#158 Warning
Missing input or output delay  
An input delay is missing on p3b_tri_io[16] relative to clock(s) sys_clock
Related violations: <none>

TIMING-18#159 Warning
Missing input or output delay  
An input delay is missing on p3b_tri_io[17] relative to clock(s) sys_clock
Related violations: <none>

TIMING-18#160 Warning
Missing input or output delay  
An input delay is missing on p3b_tri_io[18] relative to clock(s) sys_clock
Related violations: <none>

TIMING-18#161 Warning
Missing input or output delay  
An input delay is missing on p3b_tri_io[19] relative to clock(s) sys_clock
Related violations: <none>

TIMING-18#162 Warning
Missing input or output delay  
An input delay is missing on p3b_tri_io[1] relative to clock(s) sys_clock
Related violations: <none>

TIMING-18#163 Warning
Missing input or output delay  
An input delay is missing on p3b_tri_io[2] relative to clock(s) sys_clock
Related violations: <none>

TIMING-18#164 Warning
Missing input or output delay  
An input delay is missing on p3b_tri_io[3] relative to clock(s) sys_clock
Related violations: <none>

TIMING-18#165 Warning
Missing input or output delay  
An input delay is missing on p3b_tri_io[4] relative to clock(s) sys_clock
Related violations: <none>

TIMING-18#166 Warning
Missing input or output delay  
An input delay is missing on p3b_tri_io[5] relative to clock(s) sys_clock
Related violations: <none>

TIMING-18#167 Warning
Missing input or output delay  
An input delay is missing on p3b_tri_io[6] relative to clock(s) sys_clock
Related violations: <none>

TIMING-18#168 Warning
Missing input or output delay  
An input delay is missing on p3b_tri_io[7] relative to clock(s) sys_clock
Related violations: <none>

TIMING-18#169 Warning
Missing input or output delay  
An input delay is missing on p3b_tri_io[8] relative to clock(s) sys_clock
Related violations: <none>

TIMING-18#170 Warning
Missing input or output delay  
An input delay is missing on p3b_tri_io[9] relative to clock(s) sys_clock
Related violations: <none>

TIMING-18#171 Warning
Missing input or output delay  
An input delay is missing on qspi_flash_io0_io relative to clock(s) sys_clock
Related violations: <none>

TIMING-18#172 Warning
Missing input or output delay  
An input delay is missing on qspi_flash_io1_io relative to clock(s) sys_clock
Related violations: <none>

TIMING-18#173 Warning
Missing input or output delay  
An input delay is missing on qspi_flash_io2_io relative to clock(s) sys_clock
Related violations: <none>

TIMING-18#174 Warning
Missing input or output delay  
An input delay is missing on qspi_flash_io3_io relative to clock(s) sys_clock
Related violations: <none>

TIMING-18#175 Warning
Missing input or output delay  
An input delay is missing on qspi_flash_ss_io relative to clock(s) sys_clock
Related violations: <none>

TIMING-18#176 Warning
Missing input or output delay  
An input delay is missing on reset relative to clock(s) sys_clock
Related violations: <none>

TIMING-18#177 Warning
Missing input or output delay  
An input delay is missing on uart0_rxd relative to clock(s) sys_clock
Related violations: <none>

TIMING-18#178 Warning
Missing input or output delay  
An output delay is missing on LEDS_tri_o[0] relative to clock(s) sys_clock
Related violations: <none>

TIMING-18#179 Warning
Missing input or output delay  
An output delay is missing on LEDS_tri_o[1] relative to clock(s) sys_clock
Related violations: <none>

TIMING-18#180 Warning
Missing input or output delay  
An output delay is missing on LEDS_tri_o[2] relative to clock(s) sys_clock
Related violations: <none>

TIMING-18#181 Warning
Missing input or output delay  
An output delay is missing on uart0_txd relative to clock(s) sys_clock
Related violations: <none>


