12:51:58 INFO  : Launching XSCT server: xsct -n  -interactive /home/parallels/te0711_prj/vitis_workspace/temp_xsdb_launch_script.tcl
12:52:01 INFO  : XSCT server has started successfully.
12:52:01 INFO  : plnx-install-location is set to ''
12:52:02 INFO  : Successfully done setting XSCT server connection channel  
12:52:02 INFO  : Successfully done query RDI_DATADIR 
12:52:02 INFO  : Successfully done setting workspace for the tool. 
12:52:02 INFO  : Registering command handlers for Vitis TCF services
12:56:36 INFO  : Successfully done sdx_reload_mss "/home/parallels/te0711_prj/vitis_workspace/te0711_pltfrm/microblaze_0/standalone_domain/bsp/system.mss"
13:05:33 INFO  : Checking for BSP changes to sync application flags for project 'te0711_app'...
13:19:59 INFO  : Checking for BSP changes to sync application flags for project 'te0711_app'...
13:20:29 INFO  : Checking for BSP changes to sync application flags for project 'te0711_app'...
13:20:40 INFO  : Checking for BSP changes to sync application flags for project 'te0711_app'...
13:22:19 INFO  : Checking for BSP changes to sync application flags for project 'te0711_app'...
13:22:31 INFO  : Checking for BSP changes to sync application flags for project 'te0711_app'...
13:51:35 INFO  : Launching XSCT server: xsct -n  -interactive /home/parallels/te0711_prj/vitis_workspace/temp_xsdb_launch_script.tcl
13:51:37 INFO  : Registering command handlers for Vitis TCF services
13:51:38 INFO  : XSCT server has started successfully.
13:51:38 INFO  : Successfully done setting XSCT server connection channel  
13:51:38 INFO  : plnx-install-location is set to ''
13:51:39 INFO  : Successfully done setting workspace for the tool. 
13:51:39 INFO  : Successfully done query RDI_DATADIR 
13:51:49 INFO  : Successfully done sdx_reload_mss "/home/parallels/te0711_prj/vitis_workspace/te0711_pltfrm/microblaze_0/standalone_domain/bsp/system.mss"
13:52:08 INFO  : Hardware specification for platform project 'te0711_pltfrm' is updated.
13:52:09 INFO  : Successfully done sdx_reload_mss "/home/parallels/te0711_prj/vitis_workspace/te0711_pltfrm/microblaze_0/standalone_domain/bsp/system.mss"
13:56:12 ERROR : Failed to compute checksum of hardware specification file used by project 'te0711_app'
13:56:27 INFO  : Checking for BSP changes to sync application flags for project 'te0711_app'...
13:56:27 ERROR : Failed to get platform details for the project 'te0711_app'. Cannot sync application flags.
13:56:27 ERROR : Failed to compute checksum of hardware specification file used by project 'te0711_app'
13:56:42 ERROR : Failed to compute checksum of hardware specification file used by project 'te0711_app'
13:57:57 INFO  : Launching XSCT server: xsct -n  -interactive /home/parallels/te0711_prj/vitis_workspace/temp_xsdb_launch_script.tcl
13:57:59 INFO  : Registering command handlers for Vitis TCF services
13:57:59 INFO  : XSCT server has started successfully.
13:57:59 INFO  : plnx-install-location is set to ''
13:58:02 INFO  : Successfully done setting XSCT server connection channel  
13:58:02 INFO  : Successfully done query RDI_DATADIR 
13:58:02 INFO  : Successfully done setting workspace for the tool. 
13:58:02 INFO  : Successfully done sdx_reload_mss "/home/parallels/te0711_prj/vitis_workspace/te0711_pltfrm/microblaze_0/standalone_domain/bsp/system.mss"
14:00:36 ERROR : Failed to openhw "/home/parallels/te0711_prj/vitis_workspace/te0711_pltfrm/export/te0711_pltfrm/hw/design_1_wrapper.xsa"
Reason: ERROR: [Common 17-39] 'hsi::open_hw_design' failed due to earlier errors.

14:00:44 INFO  : Checking for BSP changes to sync application flags for project 'te0711_app'...
14:00:45 INFO  : The hardware specfication used by project 'te0711_app' is out of sync with the platform. Resource files extracted from the hardware specfiication will be updated.
14:00:45 INFO  : The file '/home/parallels/te0711_prj/vitis_workspace/te0711_app/_ide/bitstream/design_1_wrapper.bit' stored in project is removed.
14:00:45 INFO  : The file '/home/parallels/te0711_prj/vitis_workspace/te0711_app/_ide/bitstream/design_1_wrapper.mmi' stored in project is removed.
14:00:45 INFO  : The updated bitstream files are copied from platform to folder '/home/parallels/te0711_prj/vitis_workspace/te0711_app/_ide/bitstream' in project 'te0711_app'.
14:45:43 INFO  : Hardware specification for platform project 'te0711_pltfrm' is updated.
14:45:45 INFO  : Successfully done sdx_reload_mss "/home/parallels/te0711_prj/vitis_workspace/te0711_pltfrm/microblaze_0/standalone_domain/bsp/system.mss"
14:46:23 INFO  : Launching XSCT server: xsct -n  -interactive /home/parallels/te0711_prj/vitis_workspace/temp_xsdb_launch_script.tcl
14:46:25 INFO  : Registering command handlers for Vitis TCF services
14:46:25 INFO  : XSCT server has started successfully.
14:46:25 INFO  : plnx-install-location is set to ''
14:46:25 INFO  : Successfully done setting XSCT server connection channel  
14:46:27 ERROR : (XSDB Server)ERROR: [Hsi 55-1571] The design file /home/parallels/te0711_prj/vitis_workspace/te0711_pltfrm/hw/design_1_wrapper.xsa is already opened

14:46:27 INFO  : Successfully done setting workspace for the tool. 
14:46:27 INFO  : Successfully done query RDI_DATADIR 
14:46:27 INFO  : Successfully done sdx_reload_mss "/home/parallels/te0711_prj/vitis_workspace/te0711_pltfrm/microblaze_0/standalone_domain/bsp/system.mss"
14:56:41 INFO  : The hardware specfication used by project 'te0711_app' is out of sync with the platform. Resource files extracted from the hardware specfiication will be updated.
14:56:41 INFO  : The file '/home/parallels/te0711_prj/vitis_workspace/te0711_app/_ide/bitstream/design_1_wrapper.bit' stored in project is removed.
14:56:41 INFO  : The file '/home/parallels/te0711_prj/vitis_workspace/te0711_app/_ide/bitstream/design_1_wrapper.mmi' stored in project is removed.
14:56:41 INFO  : The updated bitstream files are copied from platform to folder '/home/parallels/te0711_prj/vitis_workspace/te0711_app/_ide/bitstream' in project 'te0711_app'.
14:57:09 ERROR : Failed to openhw "/home/parallels/te0711_prj/vitis_workspace/te0711_pltfrm/export/te0711_pltfrm/hw/design_1_wrapper.xsa"
Reason: ERROR: [Common 17-39] 'hsi::open_hw_design' failed due to earlier errors.

14:57:30 INFO  : Checking for BSP changes to sync application flags for project 'te0711_app'...
14:57:30 INFO  : Updating application flags with new BSP settings...
14:57:30 INFO  : Successfully updated application flags for project te0711_app.
14:57:55 ERROR : Failed to openhw "/home/parallels/te0711_prj/vitis_workspace/te0711_pltfrm/export/te0711_pltfrm/hw/design_1_wrapper.xsa"
Reason: ERROR: [Common 17-39] 'hsi::open_hw_design' failed due to earlier errors.

14:57:55 ERROR : Failed to openhw "/home/parallels/te0711_prj/vitis_workspace/te0711_pltfrm/export/te0711_pltfrm/hw/design_1_wrapper.xsa"
Reason: ERROR: [Common 17-39] 'hsi::open_hw_design' failed due to earlier errors.

14:58:03 INFO  : Checking for BSP changes to sync application flags for project 'te0711_app'...
15:34:53 ERROR : Failed to compute checksum of hardware specification file used by project 'te0711_app'
15:35:00 ERROR : Failed to openhw "/home/parallels/te0711_prj/vitis_workspace/te0711_pltfrm/export/te0711_pltfrm/hw/design_1_wrapper.xsa"
Reason: ERROR: [Common 17-39] 'hsi::open_hw_design' failed due to earlier errors.

15:35:00 ERROR : Failed to openhw "/home/parallels/te0711_prj/vitis_workspace/te0711_pltfrm/export/te0711_pltfrm/hw/design_1_wrapper.xsa"
Reason: ERROR: [Common 17-39] 'hsi::open_hw_design' failed due to earlier errors.

15:35:12 ERROR : Failed to openhw "/home/parallels/te0711_prj/vitis_workspace/te0711_pltfrm/export/te0711_pltfrm/hw/design_1_wrapper.xsa"
Reason: ERROR: [Common 17-39] 'hsi::open_hw_design' failed due to earlier errors.

15:35:12 ERROR : Failed to openhw "/home/parallels/te0711_prj/vitis_workspace/te0711_pltfrm/export/te0711_pltfrm/hw/design_1_wrapper.xsa"
Reason: ERROR: [Common 17-39] 'hsi::open_hw_design' failed due to earlier errors.

15:35:13 ERROR : Failed to openhw "/home/parallels/te0711_prj/vitis_workspace/te0711_pltfrm/export/te0711_pltfrm/hw/design_1_wrapper.xsa"
Reason: ERROR: [Common 17-39] 'hsi::open_hw_design' failed due to earlier errors.

15:35:21 INFO  : Checking for BSP changes to sync application flags for project 'te0711_app'...
15:35:32 INFO  : Hardware specification for platform project 'te0711_pltfrm' is updated.
15:35:33 INFO  : Successfully done sdx_reload_mss "/home/parallels/te0711_prj/vitis_workspace/te0711_pltfrm/microblaze_0/standalone_domain/bsp/system.mss"
15:36:19 INFO  : Launching XSCT server: xsct -n  -interactive /home/parallels/te0711_prj/vitis_workspace/temp_xsdb_launch_script.tcl
15:36:21 INFO  : Registering command handlers for Vitis TCF services
15:36:21 INFO  : XSCT server has started successfully.
15:36:24 ERROR : (XSDB Server)ERROR: [Hsi 55-1571] The design file /home/parallels/te0711_prj/vitis_workspace/te0711_pltfrm/hw/design_1_wrapper.xsa is already opened

15:36:24 INFO  : plnx-install-location is set to ''
15:36:24 INFO  : Successfully done setting XSCT server connection channel  
15:36:24 INFO  : Successfully done query RDI_DATADIR 
15:36:24 INFO  : Successfully done setting workspace for the tool. 
15:36:24 INFO  : Successfully done sdx_reload_mss "/home/parallels/te0711_prj/vitis_workspace/te0711_pltfrm/microblaze_0/standalone_domain/bsp/system.mss"
15:36:55 ERROR : Failed to compute checksum of hardware specification file used by project 'te0711_app'
15:37:06 ERROR : Failed to openhw "/home/parallels/te0711_prj/vitis_workspace/te0711_pltfrm/export/te0711_pltfrm/hw/design_1_wrapper.xsa"
Reason: ERROR: [Common 17-39] 'hsi::open_hw_design' failed due to earlier errors.

15:37:06 ERROR : Failed to openhw "/home/parallels/te0711_prj/vitis_workspace/te0711_pltfrm/export/te0711_pltfrm/hw/design_1_wrapper.xsa"
Reason: ERROR: [Common 17-39] 'hsi::open_hw_design' failed due to earlier errors.

15:37:14 ERROR : Failed to openhw "/home/parallels/te0711_prj/vitis_workspace/te0711_pltfrm/export/te0711_pltfrm/hw/design_1_wrapper.xsa"
Reason: ERROR: [Common 17-39] 'hsi::open_hw_design' failed due to earlier errors.

15:37:14 ERROR : Failed to openhw "/home/parallels/te0711_prj/vitis_workspace/te0711_pltfrm/export/te0711_pltfrm/hw/design_1_wrapper.xsa"
Reason: ERROR: [Common 17-39] 'hsi::open_hw_design' failed due to earlier errors.

15:37:23 INFO  : Checking for BSP changes to sync application flags for project 'te0711_app'...
15:44:39 INFO  : The hardware specfication used by project 'te0711_app' is out of sync with the platform. Resource files extracted from the hardware specfiication will be updated.
15:44:39 INFO  : The file '/home/parallels/te0711_prj/vitis_workspace/te0711_app/_ide/bitstream/design_1_wrapper.bit' stored in project is removed.
15:44:39 INFO  : The file '/home/parallels/te0711_prj/vitis_workspace/te0711_app/_ide/bitstream/design_1_wrapper.mmi' stored in project is removed.
15:44:39 INFO  : The updated bitstream files are copied from platform to folder '/home/parallels/te0711_prj/vitis_workspace/te0711_app/_ide/bitstream' in project 'te0711_app'.
15:44:50 ERROR : Failed to openhw "/home/parallels/te0711_prj/vitis_workspace/te0711_pltfrm/export/te0711_pltfrm/hw/design_1_wrapper.xsa"
Reason: ERROR: [Common 17-39] 'hsi::open_hw_design' failed due to earlier errors.

15:44:50 ERROR : Failed to openhw "/home/parallels/te0711_prj/vitis_workspace/te0711_pltfrm/export/te0711_pltfrm/hw/design_1_wrapper.xsa"
Reason: ERROR: [Common 17-39] 'hsi::open_hw_design' failed due to earlier errors.

15:45:05 INFO  : Hardware specification for platform project 'te0711_pltfrm' is updated.
15:45:07 INFO  : Successfully done sdx_reload_mss "/home/parallels/te0711_prj/vitis_workspace/te0711_pltfrm/microblaze_0/standalone_domain/bsp/system.mss"
15:45:14 ERROR : Failed to openhw "/home/parallels/te0711_prj/vitis_workspace/te0711_pltfrm/export/te0711_pltfrm/hw/design_1_wrapper.xsa"
Reason: ERROR: [Common 17-39] 'hsi::open_hw_design' failed due to earlier errors.

15:45:14 ERROR : Failed to openhw "/home/parallels/te0711_prj/vitis_workspace/te0711_pltfrm/export/te0711_pltfrm/hw/design_1_wrapper.xsa"
Reason: ERROR: [Common 17-39] 'hsi::open_hw_design' failed due to earlier errors.

15:45:34 INFO  : Launching XSCT server: xsct -n  -interactive /home/parallels/te0711_prj/vitis_workspace/temp_xsdb_launch_script.tcl
15:45:36 INFO  : Registering command handlers for Vitis TCF services
15:45:36 INFO  : XSCT server has started successfully.
15:45:36 INFO  : Successfully done setting XSCT server connection channel  
15:45:36 INFO  : plnx-install-location is set to ''
15:45:37 INFO  : Successfully done setting workspace for the tool. 
15:45:37 INFO  : Successfully done query RDI_DATADIR 
15:46:08 INFO  : The hardware specfication used by project 'te0711_app' is out of sync with the platform. Resource files extracted from the hardware specfiication will be updated.
15:46:09 INFO  : The file '/home/parallels/te0711_prj/vitis_workspace/te0711_app/_ide/bitstream/design_1_wrapper.bit' stored in project is removed.
15:46:09 INFO  : The file '/home/parallels/te0711_prj/vitis_workspace/te0711_app/_ide/bitstream/design_1_wrapper.mmi' stored in project is removed.
15:46:09 INFO  : The updated bitstream files are copied from platform to folder '/home/parallels/te0711_prj/vitis_workspace/te0711_app/_ide/bitstream' in project 'te0711_app'.
15:46:10 INFO  : Successfully done sdx_reload_mss "/home/parallels/te0711_prj/vitis_workspace/te0711_pltfrm/microblaze_0/standalone_domain/bsp/system.mss"
15:46:23 ERROR : Failed to openhw "/home/parallels/te0711_prj/vitis_workspace/te0711_pltfrm/export/te0711_pltfrm/hw/design_1_wrapper.xsa"
Reason: ERROR: [Common 17-39] 'hsi::open_hw_design' failed due to earlier errors.

15:46:23 ERROR : Failed to openhw "/home/parallels/te0711_prj/vitis_workspace/te0711_pltfrm/export/te0711_pltfrm/hw/design_1_wrapper.xsa"
Reason: ERROR: [Common 17-39] 'hsi::open_hw_design' failed due to earlier errors.

15:46:30 INFO  : Checking for BSP changes to sync application flags for project 'te0711_app'...
15:57:53 ERROR : Failed to openhw "/home/parallels/te0711_prj/vitis_workspace/te0711_pltfrm/export/te0711_pltfrm/hw/design_1_wrapper.xsa"
Reason: ERROR: [Common 17-39] 'hsi::open_hw_design' failed due to earlier errors.

15:57:53 ERROR : Failed to openhw "/home/parallels/te0711_prj/vitis_workspace/te0711_pltfrm/export/te0711_pltfrm/hw/design_1_wrapper.xsa"
Reason: ERROR: [Common 17-39] 'hsi::open_hw_design' failed due to earlier errors.

15:58:02 INFO  : Checking for BSP changes to sync application flags for project 'te0711_app'...
15:58:11 INFO  : Hardware specification for platform project 'te0711_pltfrm' is updated.
15:58:13 INFO  : Successfully done sdx_reload_mss "/home/parallels/te0711_prj/vitis_workspace/te0711_pltfrm/microblaze_0/standalone_domain/bsp/system.mss"
15:58:30 ERROR : Failed to compute checksum of hardware specification file used by project 'te0711_app'
15:58:38 ERROR : Failed to openhw "/home/parallels/te0711_prj/vitis_workspace/te0711_pltfrm/export/te0711_pltfrm/hw/design_1_wrapper.xsa"
Reason: ERROR: [Common 17-39] 'hsi::open_hw_design' failed due to earlier errors.

15:58:38 ERROR : Failed to openhw "/home/parallels/te0711_prj/vitis_workspace/te0711_pltfrm/export/te0711_pltfrm/hw/design_1_wrapper.xsa"
Reason: ERROR: [Common 17-39] 'hsi::open_hw_design' failed due to earlier errors.

15:58:48 ERROR : Failed to openhw "/home/parallels/te0711_prj/vitis_workspace/te0711_pltfrm/export/te0711_pltfrm/hw/design_1_wrapper.xsa"
Reason: ERROR: [Common 17-39] 'hsi::open_hw_design' failed due to earlier errors.

15:58:48 ERROR : Failed to openhw "/home/parallels/te0711_prj/vitis_workspace/te0711_pltfrm/export/te0711_pltfrm/hw/design_1_wrapper.xsa"
Reason: ERROR: [Common 17-39] 'hsi::open_hw_design' failed due to earlier errors.

15:58:57 INFO  : Checking for BSP changes to sync application flags for project 'te0711_app'...
15:58:57 ERROR : Failed to get platform details for the project 'te0711_app'. Cannot sync application flags.
15:59:25 INFO  : Checking for BSP changes to sync application flags for project 'te0711_app'...
15:59:25 ERROR : Failed to get platform details for the project 'te0711_app'. Cannot sync application flags.
15:59:25 ERROR : Failed to compute checksum of hardware specification file used by project 'te0711_app'
16:00:18 INFO  : Launching XSCT server: xsct -n  -interactive /home/parallels/te0711_prj/vitis_workspace/temp_xsdb_launch_script.tcl
16:00:20 INFO  : Registering command handlers for Vitis TCF services
16:00:20 INFO  : XSCT server has started successfully.
16:00:20 INFO  : Successfully done setting XSCT server connection channel  
16:00:20 INFO  : plnx-install-location is set to ''
16:00:20 INFO  : Successfully done setting workspace for the tool. 
16:00:20 INFO  : Successfully done query RDI_DATADIR 
16:00:45 INFO  : Successfully done sdx_reload_mss "/home/parallels/te0711_prj/vitis_workspace/te0711_pltfrm/microblaze_0/standalone_domain/bsp/system.mss"
16:00:51 INFO  : The hardware specfication used by project 'te0711_app' is out of sync with the platform. Resource files extracted from the hardware specfiication will be updated.
16:00:51 INFO  : The file '/home/parallels/te0711_prj/vitis_workspace/te0711_app/_ide/bitstream/design_1_wrapper.bit' stored in project is removed.
16:00:51 INFO  : The file '/home/parallels/te0711_prj/vitis_workspace/te0711_app/_ide/bitstream/design_1_wrapper.mmi' stored in project is removed.
16:00:51 INFO  : The updated bitstream files are copied from platform to folder '/home/parallels/te0711_prj/vitis_workspace/te0711_app/_ide/bitstream' in project 'te0711_app'.
16:00:58 INFO  : Checking for BSP changes to sync application flags for project 'te0711_app'...
16:01:36 INFO  : Hardware specification for platform project 'te0711_pltfrm' is updated.
16:01:37 INFO  : Successfully done sdx_reload_mss "/home/parallels/te0711_prj/vitis_workspace/te0711_pltfrm/microblaze_0/standalone_domain/bsp/system.mss"
16:03:14 ERROR : Failed to openhw "/home/parallels/te0711_prj/vitis_workspace/te0711_pltfrm/export/te0711_pltfrm/hw/design_1_wrapper.xsa"
Reason: ERROR: [Common 17-39] 'hsi::open_hw_design' failed due to earlier errors.

16:03:14 ERROR : Failed to openhw "/home/parallels/te0711_prj/vitis_workspace/te0711_pltfrm/export/te0711_pltfrm/hw/design_1_wrapper.xsa"
Reason: ERROR: [Common 17-39] 'hsi::open_hw_design' failed due to earlier errors.

16:03:22 INFO  : Checking for BSP changes to sync application flags for project 'te0711_app'...
16:03:22 ERROR : Failed to get platform details for the project 'te0711_app'. Cannot sync application flags.
16:05:45 ERROR : Failed to openhw "/home/parallels/te0711_prj/vitis_workspace/te0711_pltfrm/export/te0711_pltfrm/hw/design_1_wrapper.xsa"
Reason: ERROR: [Common 17-39] 'hsi::open_hw_design' failed due to earlier errors.

16:05:59 ERROR : Failed to openhw "/home/parallels/te0711_prj/vitis_workspace/te0711_pltfrm/export/te0711_pltfrm/hw/design_1_wrapper.xsa"
Reason: ERROR: [Common 17-39] 'hsi::open_hw_design' failed due to earlier errors.

16:06:31 ERROR : Failed to openhw "/home/parallels/te0711_prj/vitis_workspace/te0711_pltfrm/export/te0711_pltfrm/hw/design_1_wrapper.xsa"
Reason: ERROR: [Common 17-39] 'hsi::open_hw_design' failed due to earlier errors.

16:06:46 INFO  : Successfully done sdx_reload_mss "/home/parallels/te0711_prj/vitis_workspace/te0711_pltfrm/microblaze_0/standalone_domain/bsp/system.mss"
16:06:52 ERROR : Failed to openhw "/home/parallels/te0711_prj/vitis_workspace/te0711_pltfrm/export/te0711_pltfrm/hw/design_1_wrapper.xsa"
Reason: ERROR: [Common 17-39] 'hsi::open_hw_design' failed due to earlier errors.

16:06:59 INFO  : Checking for BSP changes to sync application flags for project 'te0711_app'...
16:07:00 INFO  : The hardware specfication used by project 'te0711_app' is out of sync with the platform. Resource files extracted from the hardware specfiication will be updated.
16:07:00 INFO  : The file '/home/parallels/te0711_prj/vitis_workspace/te0711_app/_ide/bitstream/design_1_wrapper.bit' stored in project is removed.
16:07:00 INFO  : The file '/home/parallels/te0711_prj/vitis_workspace/te0711_app/_ide/bitstream/design_1_wrapper.mmi' stored in project is removed.
16:07:00 INFO  : The updated bitstream files are copied from platform to folder '/home/parallels/te0711_prj/vitis_workspace/te0711_app/_ide/bitstream' in project 'te0711_app'.
16:21:22 INFO  : Hardware specification for platform project 'te0711_pltfrm' is updated.
16:21:23 INFO  : Successfully done sdx_reload_mss "/home/parallels/te0711_prj/vitis_workspace/te0711_pltfrm/microblaze_0/standalone_domain/bsp/system.mss"
16:22:33 INFO  : (SwPlaform) Successfully done setParamInSpec 
16:22:39 INFO  : (SwPlatform) Successfully done update_mss 
16:22:39 INFO  : No changes in MSS file content so sources will not be generated.
16:23:18 ERROR : Failed to openhw "/home/parallels/te0711_prj/vitis_workspace/te0711_pltfrm/export/te0711_pltfrm/hw/design_1_wrapper.xsa"
Reason: ERROR: [Common 17-39] 'hsi::open_hw_design' failed due to earlier errors.

16:23:31 ERROR : Failed to compute checksum of hardware specification file used by project 'te0711_app'
16:23:40 ERROR : Failed to openhw "/home/parallels/te0711_prj/vitis_workspace/te0711_pltfrm/export/te0711_pltfrm/hw/design_1_wrapper.xsa"
Reason: ERROR: [Common 17-39] 'hsi::open_hw_design' failed due to earlier errors.

16:23:50 ERROR : Failed to openhw "/home/parallels/te0711_prj/vitis_workspace/te0711_pltfrm/export/te0711_pltfrm/hw/design_1_wrapper.xsa"
Reason: ERROR: [Common 17-39] 'hsi::open_hw_design' failed due to earlier errors.

16:23:58 INFO  : Checking for BSP changes to sync application flags for project 'te0711_app'...
16:23:58 ERROR : Failed to get platform details for the project 'te0711_app'. Cannot sync application flags.
16:23:58 ERROR : Failed to compute checksum of hardware specification file used by project 'te0711_app'
16:24:35 INFO  : Launching XSCT server: xsct -n  -interactive /home/parallels/te0711_prj/vitis_workspace/temp_xsdb_launch_script.tcl
16:24:36 INFO  : Registering command handlers for Vitis TCF services
16:24:37 INFO  : XSCT server has started successfully.
16:24:39 INFO  : Successfully done setting XSCT server connection channel  
16:24:39 INFO  : plnx-install-location is set to ''
16:24:39 INFO  : Successfully done setting workspace for the tool. 
16:24:39 INFO  : Successfully done query RDI_DATADIR 
16:24:39 INFO  : Successfully done sdx_reload_mss "/home/parallels/te0711_prj/vitis_workspace/te0711_pltfrm/microblaze_0/standalone_domain/bsp/system.mss"
16:25:11 ERROR : Failed to compute checksum of hardware specification file used by project 'te0711_app'
16:25:13 ERROR : Failed to openhw "/home/parallels/te0711_prj/vitis_workspace/te0711_pltfrm/export/te0711_pltfrm/hw/design_1_wrapper.xsa"
Reason: ERROR: [Common 17-39] 'hsi::open_hw_design' failed due to earlier errors.

16:25:13 ERROR : Failed to openhw "/home/parallels/te0711_prj/vitis_workspace/te0711_pltfrm/export/te0711_pltfrm/hw/design_1_wrapper.xsa"
Reason: ERROR: [Common 17-39] 'hsi::open_hw_design' failed due to earlier errors.

16:25:22 ERROR : Failed to openhw "/home/parallels/te0711_prj/vitis_workspace/te0711_pltfrm/export/te0711_pltfrm/hw/design_1_wrapper.xsa"
Reason: ERROR: [Common 17-39] 'hsi::open_hw_design' failed due to earlier errors.

16:25:22 ERROR : Failed to openhw "/home/parallels/te0711_prj/vitis_workspace/te0711_pltfrm/export/te0711_pltfrm/hw/design_1_wrapper.xsa"
Reason: ERROR: [Common 17-39] 'hsi::open_hw_design' failed due to earlier errors.

16:25:30 INFO  : Checking for BSP changes to sync application flags for project 'te0711_app'...
16:27:26 ERROR : Failed to openhw "/home/parallels/te0711_prj/vitis_workspace/te0711_pltfrm/export/te0711_pltfrm/hw/design_1_wrapper.xsa"
Reason: ERROR: [Common 17-39] 'hsi::open_hw_design' failed due to earlier errors.

16:27:26 ERROR : Failed to openhw "/home/parallels/te0711_prj/vitis_workspace/te0711_pltfrm/export/te0711_pltfrm/hw/design_1_wrapper.xsa"
Reason: ERROR: [Common 17-39] 'hsi::open_hw_design' failed due to earlier errors.

16:27:34 INFO  : Checking for BSP changes to sync application flags for project 'te0711_app'...
16:28:43 ERROR : Failed to openhw "/home/parallels/te0711_prj/vitis_workspace/te0711_pltfrm/export/te0711_pltfrm/hw/design_1_wrapper.xsa"
Reason: ERROR: [Common 17-39] 'hsi::open_hw_design' failed due to earlier errors.

16:28:43 ERROR : Failed to openhw "/home/parallels/te0711_prj/vitis_workspace/te0711_pltfrm/export/te0711_pltfrm/hw/design_1_wrapper.xsa"
Reason: ERROR: [Common 17-39] 'hsi::open_hw_design' failed due to earlier errors.

16:28:51 INFO  : Checking for BSP changes to sync application flags for project 'te0711_app'...
16:29:09 INFO  : Successfully done sdx_reload_mss "/home/parallels/te0711_prj/vitis_workspace/te0711_pltfrm/microblaze_0/standalone_domain/bsp/system.mss"
16:29:09 INFO  : No changes in MSS file content so sources will not be generated.
16:29:57 INFO  : Successfully generated /home/parallels/te0711_prj/vitis_workspace/te0711_app/src/lscript.ld.
16:29:57 INFO  : Applying linker script to all configurations of project te0711_app.
16:29:57 INFO  : Setting rebuild state to true for all configurations of project te0711_app.
16:30:10 ERROR : Failed to openhw "/home/parallels/te0711_prj/vitis_workspace/te0711_pltfrm/export/te0711_pltfrm/hw/design_1_wrapper.xsa"
Reason: ERROR: [Common 17-39] 'hsi::open_hw_design' failed due to earlier errors.

16:30:10 ERROR : Failed to openhw "/home/parallels/te0711_prj/vitis_workspace/te0711_pltfrm/export/te0711_pltfrm/hw/design_1_wrapper.xsa"
Reason: ERROR: [Common 17-39] 'hsi::open_hw_design' failed due to earlier errors.

16:30:18 INFO  : Checking for BSP changes to sync application flags for project 'te0711_app'...
16:45:26 INFO  : Successfully generated /home/parallels/te0711_prj/vitis_workspace/te0711_app/src/lscript.ld.
16:45:26 INFO  : Applying linker script to all configurations of project te0711_app.
16:45:26 INFO  : Setting rebuild state to true for all configurations of project te0711_app.
16:45:38 ERROR : Failed to openhw "/home/parallels/te0711_prj/vitis_workspace/te0711_pltfrm/export/te0711_pltfrm/hw/design_1_wrapper.xsa"
Reason: ERROR: [Common 17-39] 'hsi::open_hw_design' failed due to earlier errors.

16:45:38 ERROR : Failed to openhw "/home/parallels/te0711_prj/vitis_workspace/te0711_pltfrm/export/te0711_pltfrm/hw/design_1_wrapper.xsa"
Reason: ERROR: [Common 17-39] 'hsi::open_hw_design' failed due to earlier errors.

16:45:47 INFO  : Checking for BSP changes to sync application flags for project 'te0711_app'...
16:53:23 INFO  : Inferring section assignments and sizes from elf file: /home/parallels/te0711_prj/vitis_workspace/te0711_app/Debug/te0711_app.elf
16:53:30 INFO  : Hardware specification for platform project 'te0711_pltfrm' is updated.
16:53:32 INFO  : Successfully done sdx_reload_mss "/home/parallels/te0711_prj/vitis_workspace/te0711_pltfrm/microblaze_0/standalone_domain/bsp/system.mss"
16:55:02 INFO  : (SwPlatform) Successfully done update_mss 
16:55:02 INFO  : No changes in MSS file content so sources will not be generated.
16:55:11 ERROR : Error occurred while generating bsp sources for the domain 'standalone_domain'.
16:55:18 INFO  : Hardware specification for platform project 'te0711_pltfrm' is updated.
16:55:19 INFO  : Successfully done sdx_reload_mss "/home/parallels/te0711_prj/vitis_workspace/te0711_pltfrm/microblaze_0/standalone_domain/bsp/system.mss"
16:55:28 ERROR : Error occurred while generating bsp sources for the domain 'standalone_domain'.
16:55:50 INFO  : Launching XSCT server: xsct -n  -interactive /home/parallels/te0711_prj/vitis_workspace/temp_xsdb_launch_script.tcl
16:55:52 INFO  : Registering command handlers for Vitis TCF services
16:55:52 INFO  : XSCT server has started successfully.
16:55:52 INFO  : plnx-install-location is set to ''
16:55:54 ERROR : (XSDB Server)ERROR: [Hsi 55-1571] The design file /home/parallels/te0711_prj/vitis_workspace/te0711_pltfrm/hw/design_1_wrapper.xsa is already opened

16:55:54 INFO  : Successfully done setting XSCT server connection channel  
16:55:54 INFO  : Successfully done query RDI_DATADIR 
16:55:54 INFO  : Successfully done setting workspace for the tool. 
16:55:54 INFO  : Successfully done sdx_reload_mss "/home/parallels/te0711_prj/vitis_workspace/te0711_pltfrm/microblaze_0/standalone_domain/bsp/system.mss"
16:56:29 ERROR : Failed to openhw "/home/parallels/te0711_prj/vitis_workspace/te0711_pltfrm/export/te0711_pltfrm/hw/design_1_wrapper.xsa"
Reason: ERROR: [Common 17-39] 'hsi::open_hw_design' failed due to earlier errors.

16:56:29 ERROR : Failed to openhw "/home/parallels/te0711_prj/vitis_workspace/te0711_pltfrm/export/te0711_pltfrm/hw/design_1_wrapper.xsa"
Reason: ERROR: [Common 17-39] 'hsi::open_hw_design' failed due to earlier errors.

16:56:31 ERROR : Failed to call write_mss 
Reason: ERROR: [Common 17-39] 'hsi::open_hw_design' failed due to earlier errors.

16:56:37 ERROR : Failed to openhw "/home/parallels/te0711_prj/vitis_workspace/te0711_pltfrm/export/te0711_pltfrm/hw/design_1_wrapper.xsa"
Reason: ERROR: [Common 17-39] 'hsi::open_hw_design' failed due to earlier errors.

16:56:37 ERROR : Failed to openhw "/home/parallels/te0711_prj/vitis_workspace/te0711_pltfrm/export/te0711_pltfrm/hw/design_1_wrapper.xsa"
Reason: ERROR: [Common 17-39] 'hsi::open_hw_design' failed due to earlier errors.

16:56:38 ERROR : Failed to call write_mss 
Reason: ERROR: [Common 17-39] 'hsi::open_hw_design' failed due to earlier errors.

16:56:44 ERROR : Failed to openhw "/home/parallels/te0711_prj/vitis_workspace/te0711_pltfrm/export/te0711_pltfrm/hw/design_1_wrapper.xsa"
Reason: ERROR: [Common 17-39] 'hsi::open_hw_design' failed due to earlier errors.

16:56:44 ERROR : Failed to openhw "/home/parallels/te0711_prj/vitis_workspace/te0711_pltfrm/export/te0711_pltfrm/hw/design_1_wrapper.xsa"
Reason: ERROR: [Common 17-39] 'hsi::open_hw_design' failed due to earlier errors.

16:56:51 INFO  : Checking for BSP changes to sync application flags for project 'te0711_app'...
16:56:57 INFO  : Inferring section assignments and sizes from elf file: /home/parallels/te0711_prj/vitis_workspace/te0711_app/Debug/te0711_app.elf
16:57:24 INFO  : Successfully generated /home/parallels/te0711_prj/vitis_workspace/te0711_app/src/lscript.ld.
16:57:24 INFO  : Applying linker script to all configurations of project te0711_app.
16:57:24 INFO  : Setting rebuild state to true for all configurations of project te0711_app.
16:57:29 INFO  : Checking for BSP changes to sync application flags for project 'te0711_app'...
16:57:41 ERROR : Failed to openhw "/home/parallels/te0711_prj/vitis_workspace/te0711_pltfrm/export/te0711_pltfrm/hw/design_1_wrapper.xsa"
Reason: ERROR: [Common 17-39] 'hsi::open_hw_design' failed due to earlier errors.

16:57:41 ERROR : Failed to openhw "/home/parallels/te0711_prj/vitis_workspace/te0711_pltfrm/export/te0711_pltfrm/hw/design_1_wrapper.xsa"
Reason: ERROR: [Common 17-39] 'hsi::open_hw_design' failed due to earlier errors.

16:57:49 INFO  : Checking for BSP changes to sync application flags for project 'te0711_app'...
16:57:54 INFO  : Inferring section assignments and sizes from elf file: /home/parallels/te0711_prj/vitis_workspace/te0711_app/Debug/te0711_app.elf
16:59:45 INFO  : Inferring section assignments and sizes from elf file: /home/parallels/te0711_prj/vitis_workspace/te0711_app/Debug/te0711_app.elf
17:00:07 INFO  : Checking for BSP changes to sync application flags for project 'te0711_app'...
17:00:08 INFO  : The hardware specfication used by project 'te0711_app' is out of sync with the platform. Resource files extracted from the hardware specfiication will be updated.
17:00:08 INFO  : The file '/home/parallels/te0711_prj/vitis_workspace/te0711_app/_ide/bitstream/design_1_wrapper.bit' stored in project is removed.
17:00:08 INFO  : The file '/home/parallels/te0711_prj/vitis_workspace/te0711_app/_ide/bitstream/design_1_wrapper.mmi' stored in project is removed.
17:00:08 INFO  : The updated bitstream files are copied from platform to folder '/home/parallels/te0711_prj/vitis_workspace/te0711_app/_ide/bitstream' in project 'te0711_app'.
17:10:01 INFO  : Checking for BSP changes to sync application flags for project 'te0711_app'...
17:11:42 INFO  : Connected to target on host '127.0.0.1' and port '3121'.
17:11:56 INFO  : Bit file '/home/parallels/te0711_prj/vitis_workspace/te0711_app/_ide/bitstream/download.bit' is generated.
17:11:56 INFO  : Connected to target on host '127.0.0.1' and port '3121'.
17:11:56 INFO  : 'targets -set -filter {jtag_cable_name =~ "JTAG-ONB4 251633005EB3A" && level==0} -index 0' command is executed.
17:11:57 INFO  : FPGA configured successfully with bitstream "/home/parallels/te0711_prj/vitis_workspace/te0711_app/_ide/bitstream/download.bit"
17:13:51 INFO  : Connected to target on host '127.0.0.1' and port '3121'.
17:13:51 INFO  : Jtag cable 'JTAG-ONB4 251633005EB3A' is selected.
17:13:51 INFO  : 'jtag frequency' command is executed.
17:13:51 INFO  : 'targets -set -filter {jtag_cable_name =~ "JTAG-ONB4 251633005EB3A" && level==0} -index 0' command is executed.
17:13:52 INFO  : FPGA configured successfully with bitstream "/home/parallels/te0711_prj/vitis_workspace/te0711_app/_ide/bitstream/download.bit"
17:13:52 INFO  : 'configparams mdm-detect-bscan-mask 2' command is executed.
17:13:52 INFO  : Context for processor 'microblaze_0' is selected.
17:13:52 INFO  : System reset is completed.
17:13:55 INFO  : 'after 3000' command is executed.
17:13:55 INFO  : Context for processor 'microblaze_0' is selected.
17:13:55 INFO  : The application '/home/parallels/te0711_prj/vitis_workspace/te0711_app/Debug/te0711_app.elf' is downloaded to processor 'microblaze_0'.
17:13:55 INFO  : ----------------XSDB Script----------------
connect -url tcp:127.0.0.1:3121
targets -set -filter {jtag_cable_name =~ "JTAG-ONB4 251633005EB3A" && level==0} -index 0
fpga -file /home/parallels/te0711_prj/vitis_workspace/te0711_app/_ide/bitstream/download.bit
configparams mdm-detect-bscan-mask 2
targets -set -nocase -filter {name =~ "*microblaze*#0" && bscan=="USER2" }
rst -system
after 3000
targets -set -nocase -filter {name =~ "*microblaze*#0" && bscan=="USER2" }
dow /home/parallels/te0711_prj/vitis_workspace/te0711_app/Debug/te0711_app.elf
----------------End of Script----------------

17:13:55 INFO  : Memory regions updated for context PA
17:13:55 INFO  : Memory regions updated for context MicroBlaze Debug Module at USER2
17:13:55 INFO  : Context for processor 'microblaze_0' is selected.
17:13:55 INFO  : 'con' command is executed.
17:13:55 INFO  : ----------------XSDB Script (After Launch)----------------
targets -set -nocase -filter {name =~ "*microblaze*#0" && bscan=="USER2" }
con
----------------End of Script----------------

17:13:55 INFO  : Launch script is exported to file '/home/parallels/te0711_prj/vitis_workspace/.sdk/launch_scripts/single_application_debug/debugger_te0711_app-default.tcl'
17:16:00 INFO  : Disconnected from the channel tcfchan#6.
17:16:05 INFO  : Connected to target on host '127.0.0.1' and port '3121'.
17:16:05 INFO  : Jtag cable 'JTAG-ONB4 251633005EB3A' is selected.
17:16:05 INFO  : 'jtag frequency' command is executed.
17:16:05 INFO  : 'targets -set -filter {jtag_cable_name =~ "JTAG-ONB4 251633005EB3A" && level==0} -index 0' command is executed.
17:16:06 INFO  : FPGA configured successfully with bitstream "/home/parallels/te0711_prj/vitis_workspace/te0711_app/_ide/bitstream/download.bit"
17:16:06 INFO  : 'configparams mdm-detect-bscan-mask 2' command is executed.
17:16:06 INFO  : Context for processor 'microblaze_0' is selected.
17:16:06 INFO  : System reset is completed.
17:16:09 INFO  : 'after 3000' command is executed.
17:16:09 INFO  : Context for processor 'microblaze_0' is selected.
17:16:09 INFO  : The application '/home/parallels/te0711_prj/vitis_workspace/te0711_app/Debug/te0711_app.elf' is downloaded to processor 'microblaze_0'.
17:16:09 INFO  : ----------------XSDB Script----------------
connect -url tcp:127.0.0.1:3121
targets -set -filter {jtag_cable_name =~ "JTAG-ONB4 251633005EB3A" && level==0} -index 0
fpga -file /home/parallels/te0711_prj/vitis_workspace/te0711_app/_ide/bitstream/download.bit
configparams mdm-detect-bscan-mask 2
targets -set -nocase -filter {name =~ "*microblaze*#0" && bscan=="USER2" }
rst -system
after 3000
targets -set -nocase -filter {name =~ "*microblaze*#0" && bscan=="USER2" }
dow /home/parallels/te0711_prj/vitis_workspace/te0711_app/Debug/te0711_app.elf
----------------End of Script----------------

17:16:09 INFO  : Memory regions updated for context PA
17:16:09 INFO  : Memory regions updated for context MicroBlaze Debug Module at USER2
17:16:09 INFO  : Context for processor 'microblaze_0' is selected.
17:16:09 INFO  : 'con' command is executed.
17:16:09 INFO  : ----------------XSDB Script (After Launch)----------------
targets -set -nocase -filter {name =~ "*microblaze*#0" && bscan=="USER2" }
con
----------------End of Script----------------

17:16:09 INFO  : Launch script is exported to file '/home/parallels/te0711_prj/vitis_workspace/.sdk/launch_scripts/single_application_debug/debugger_te0711_app-default.tcl'
17:16:42 INFO  : Disconnected from the channel tcfchan#7.
17:17:02 INFO  : Bit file '/home/parallels/te0711_prj/vitis_workspace/te0711_app/_ide/bitstream/download.bit' is generated.
17:17:02 INFO  : Connected to target on host '127.0.0.1' and port '3121'.
17:17:02 INFO  : 'targets -set -filter {jtag_cable_name =~ "JTAG-ONB4 251633005EB3A" && level==0} -index 0' command is executed.
17:17:03 INFO  : FPGA configured successfully with bitstream "/home/parallels/te0711_prj/vitis_workspace/te0711_app/_ide/bitstream/download.bit"
17:17:08 INFO  : Connected to target on host '127.0.0.1' and port '3121'.
17:17:08 INFO  : Jtag cable 'JTAG-ONB4 251633005EB3A' is selected.
17:17:08 INFO  : 'jtag frequency' command is executed.
17:17:08 INFO  : 'targets -set -filter {jtag_cable_name =~ "JTAG-ONB4 251633005EB3A" && level==0} -index 0' command is executed.
17:17:09 INFO  : FPGA configured successfully with bitstream "/home/parallels/te0711_prj/vitis_workspace/te0711_app/_ide/bitstream/download.bit"
17:17:09 INFO  : 'configparams mdm-detect-bscan-mask 2' command is executed.
17:17:09 INFO  : Context for processor 'microblaze_0' is selected.
17:17:09 INFO  : System reset is completed.
17:17:12 INFO  : 'after 3000' command is executed.
17:17:12 INFO  : Context for processor 'microblaze_0' is selected.
17:17:12 INFO  : The application '/home/parallels/te0711_prj/vitis_workspace/te0711_app/Debug/te0711_app.elf' is downloaded to processor 'microblaze_0'.
17:17:12 INFO  : ----------------XSDB Script----------------
connect -url tcp:127.0.0.1:3121
targets -set -filter {jtag_cable_name =~ "JTAG-ONB4 251633005EB3A" && level==0} -index 0
fpga -file /home/parallels/te0711_prj/vitis_workspace/te0711_app/_ide/bitstream/download.bit
configparams mdm-detect-bscan-mask 2
targets -set -nocase -filter {name =~ "*microblaze*#0" && bscan=="USER2" }
rst -system
after 3000
targets -set -nocase -filter {name =~ "*microblaze*#0" && bscan=="USER2" }
dow /home/parallels/te0711_prj/vitis_workspace/te0711_app/Debug/te0711_app.elf
----------------End of Script----------------

17:17:12 INFO  : Memory regions updated for context PA
17:17:12 INFO  : Memory regions updated for context MicroBlaze Debug Module at USER2
17:17:12 INFO  : Context for processor 'microblaze_0' is selected.
17:17:12 INFO  : 'con' command is executed.
17:17:12 INFO  : ----------------XSDB Script (After Launch)----------------
targets -set -nocase -filter {name =~ "*microblaze*#0" && bscan=="USER2" }
con
----------------End of Script----------------

17:17:12 INFO  : Launch script is exported to file '/home/parallels/te0711_prj/vitis_workspace/.sdk/launch_scripts/single_application_debug/debugger_te0711_app-default.tcl'
17:19:11 INFO  : Disconnected from the channel tcfchan#8.
17:19:32 INFO  : Launching XSCT server: xsct -n  -interactive /home/parallels/te0711_prj/vitis_workspace/temp_xsdb_launch_script.tcl
17:19:34 INFO  : XSCT server has started successfully.
17:19:34 INFO  : Successfully done setting XSCT server connection channel  
17:19:34 INFO  : plnx-install-location is set to ''
17:19:34 INFO  : Successfully done setting workspace for the tool. 
17:19:34 INFO  : Successfully done query RDI_DATADIR 
17:19:34 INFO  : Registering command handlers for Vitis TCF services
17:19:42 INFO  : Checking for BSP changes to sync application flags for project 'te0711_app'...
17:21:17 INFO  : Bit file '/home/parallels/te0711_prj/vitis_workspace/te0711_app/_ide/bitstream/download.bit' is generated.
17:21:17 INFO  : Connected to target on host '127.0.0.1' and port '3121'.
17:21:17 INFO  : 'targets -set -filter {jtag_cable_name =~ "JTAG-ONB4 251633005EB3A" && level==0} -index 0' command is executed.
17:21:18 INFO  : FPGA configured successfully with bitstream "/home/parallels/te0711_prj/vitis_workspace/te0711_app/_ide/bitstream/download.bit"
17:21:28 INFO  : Connected to target on host '127.0.0.1' and port '3121'.
17:21:28 INFO  : Jtag cable 'JTAG-ONB4 251633005EB3A' is selected.
17:21:28 INFO  : 'jtag frequency' command is executed.
17:21:28 INFO  : 'targets -set -filter {jtag_cable_name =~ "JTAG-ONB4 251633005EB3A" && level==0} -index 0' command is executed.
17:21:29 INFO  : FPGA configured successfully with bitstream "/home/parallels/te0711_prj/vitis_workspace/te0711_app/_ide/bitstream/download.bit"
17:21:29 INFO  : 'configparams mdm-detect-bscan-mask 2' command is executed.
17:21:29 INFO  : Context for processor 'microblaze_0' is selected.
17:21:29 INFO  : System reset is completed.
17:21:32 INFO  : 'after 3000' command is executed.
17:21:32 INFO  : Context for processor 'microblaze_0' is selected.
17:21:32 INFO  : The application '/home/parallels/te0711_prj/vitis_workspace/te0711_app/Debug/te0711_app.elf' is downloaded to processor 'microblaze_0'.
17:21:32 INFO  : ----------------XSDB Script----------------
connect -url tcp:127.0.0.1:3121
targets -set -filter {jtag_cable_name =~ "JTAG-ONB4 251633005EB3A" && level==0} -index 0
fpga -file /home/parallels/te0711_prj/vitis_workspace/te0711_app/_ide/bitstream/download.bit
configparams mdm-detect-bscan-mask 2
targets -set -nocase -filter {name =~ "*microblaze*#0" && bscan=="USER2" }
rst -system
after 3000
targets -set -nocase -filter {name =~ "*microblaze*#0" && bscan=="USER2" }
dow /home/parallels/te0711_prj/vitis_workspace/te0711_app/Debug/te0711_app.elf
----------------End of Script----------------

17:21:32 INFO  : Memory regions updated for context PA
17:21:32 INFO  : Memory regions updated for context MicroBlaze Debug Module at USER2
17:21:32 INFO  : Context for processor 'microblaze_0' is selected.
17:21:32 INFO  : 'con' command is executed.
17:21:32 INFO  : ----------------XSDB Script (After Launch)----------------
targets -set -nocase -filter {name =~ "*microblaze*#0" && bscan=="USER2" }
con
----------------End of Script----------------

17:21:32 INFO  : Launch script is exported to file '/home/parallels/te0711_prj/vitis_workspace/.sdk/launch_scripts/single_application_debug/debugger_te0711_app-default.tcl'
17:22:36 INFO  : Disconnected from the channel tcfchan#1.
17:22:40 INFO  : Checking for BSP changes to sync application flags for project 'te0711_app'...
17:23:08 INFO  : Checking for BSP changes to sync application flags for project 'te0711_app'...
17:23:23 INFO  : Bit file '/home/parallels/te0711_prj/vitis_workspace/te0711_app/_ide/bitstream/download.bit' is generated.
17:23:23 INFO  : Connected to target on host '127.0.0.1' and port '3121'.
17:23:24 INFO  : 'targets -set -filter {jtag_cable_name =~ "JTAG-ONB4 251633005EB3A" && level==0} -index 0' command is executed.
17:23:24 INFO  : FPGA configured successfully with bitstream "/home/parallels/te0711_prj/vitis_workspace/te0711_app/_ide/bitstream/download.bit"
17:23:38 INFO  : Connected to target on host '127.0.0.1' and port '3121'.
17:23:38 INFO  : Jtag cable 'JTAG-ONB4 251633005EB3A' is selected.
17:23:38 INFO  : 'jtag frequency' command is executed.
17:23:38 INFO  : 'targets -set -filter {jtag_cable_name =~ "JTAG-ONB4 251633005EB3A" && level==0} -index 0' command is executed.
17:23:38 INFO  : FPGA configured successfully with bitstream "/home/parallels/te0711_prj/vitis_workspace/te0711_app/_ide/bitstream/download.bit"
17:23:38 INFO  : 'configparams mdm-detect-bscan-mask 2' command is executed.
17:23:38 INFO  : Context for processor 'microblaze_0' is selected.
17:23:38 INFO  : System reset is completed.
17:23:41 INFO  : 'after 3000' command is executed.
17:23:41 INFO  : Context for processor 'microblaze_0' is selected.
17:23:41 INFO  : The application '/home/parallels/te0711_prj/vitis_workspace/te0711_app/Debug/te0711_app.elf' is downloaded to processor 'microblaze_0'.
17:23:41 INFO  : ----------------XSDB Script----------------
connect -url tcp:127.0.0.1:3121
targets -set -filter {jtag_cable_name =~ "JTAG-ONB4 251633005EB3A" && level==0} -index 0
fpga -file /home/parallels/te0711_prj/vitis_workspace/te0711_app/_ide/bitstream/download.bit
configparams mdm-detect-bscan-mask 2
targets -set -nocase -filter {name =~ "*microblaze*#0" && bscan=="USER2" }
rst -system
after 3000
targets -set -nocase -filter {name =~ "*microblaze*#0" && bscan=="USER2" }
dow /home/parallels/te0711_prj/vitis_workspace/te0711_app/Debug/te0711_app.elf
----------------End of Script----------------

17:23:41 INFO  : Memory regions updated for context PA
17:23:41 INFO  : Memory regions updated for context MicroBlaze Debug Module at USER2
17:23:42 INFO  : Context for processor 'microblaze_0' is selected.
17:23:42 INFO  : 'con' command is executed.
17:23:42 INFO  : ----------------XSDB Script (After Launch)----------------
targets -set -nocase -filter {name =~ "*microblaze*#0" && bscan=="USER2" }
con
----------------End of Script----------------

17:23:42 INFO  : Launch script is exported to file '/home/parallels/te0711_prj/vitis_workspace/.sdk/launch_scripts/single_application_debug/debugger_te0711_app-default.tcl'
17:24:36 INFO  : Disconnected from the channel tcfchan#2.
17:24:43 INFO  : Checking for BSP changes to sync application flags for project 'te0711_app'...
17:25:05 INFO  : Checking for BSP changes to sync application flags for project 'te0711_app'...
17:25:40 INFO  : Checking for BSP changes to sync application flags for project 'te0711_app'...
17:26:06 INFO  : Checking for BSP changes to sync application flags for project 'te0711_app'...
17:26:17 INFO  : Checking for BSP changes to sync application flags for project 'te0711_app'...
17:26:29 INFO  : Checking for BSP changes to sync application flags for project 'te0711_app'...
17:26:55 INFO  : Checking for BSP changes to sync application flags for project 'te0711_app'...
17:27:07 INFO  : Checking for BSP changes to sync application flags for project 'te0711_app'...
17:27:19 INFO  : Checking for BSP changes to sync application flags for project 'te0711_app'...
17:27:32 INFO  : Checking for BSP changes to sync application flags for project 'te0711_app'...
17:27:41 INFO  : Checking for BSP changes to sync application flags for project 'te0711_app'...
17:28:19 INFO  : Checking for BSP changes to sync application flags for project 'te0711_app'...
17:28:47 INFO  : Checking for BSP changes to sync application flags for project 'te0711_app'...
17:29:06 INFO  : Checking for BSP changes to sync application flags for project 'te0711_app'...
17:29:58 INFO  : Checking for BSP changes to sync application flags for project 'te0711_app'...
17:30:15 INFO  : Checking for BSP changes to sync application flags for project 'te0711_app'...
17:31:35 INFO  : Checking for BSP changes to sync application flags for project 'te0711_app'...
17:31:50 INFO  : Checking for BSP changes to sync application flags for project 'te0711_app'...
17:32:00 INFO  : Checking for BSP changes to sync application flags for project 'te0711_app'...
17:32:08 INFO  : Checking for BSP changes to sync application flags for project 'te0711_app'...
17:33:10 INFO  : Checking for BSP changes to sync application flags for project 'te0711_app'...
17:36:08 INFO  : Checking for BSP changes to sync application flags for project 'te0711_app'...
17:36:23 INFO  : Checking for BSP changes to sync application flags for project 'te0711_app'...
17:36:36 INFO  : Checking for BSP changes to sync application flags for project 'te0711_app'...
17:36:43 INFO  : Checking for BSP changes to sync application flags for project 'te0711_app'...
17:37:21 INFO  : Launching XSCT server: xsct -n  -interactive /home/parallels/te0711_prj/vitis_workspace/temp_xsdb_launch_script.tcl
17:37:23 INFO  : XSCT server has started successfully.
17:37:23 INFO  : Successfully done setting XSCT server connection channel  
17:37:23 INFO  : plnx-install-location is set to ''
17:37:23 INFO  : Successfully done query RDI_DATADIR 
17:37:23 INFO  : Successfully done setting workspace for the tool. 
17:37:23 INFO  : Registering command handlers for Vitis TCF services
17:38:24 INFO  : Launching XSCT server: xsct -n  -interactive /home/parallels/te0711_prj/vitis_workspace/temp_xsdb_launch_script.tcl
17:38:26 INFO  : XSCT server has started successfully.
17:38:26 INFO  : plnx-install-location is set to ''
17:38:26 INFO  : Successfully done setting XSCT server connection channel  
17:38:26 INFO  : Successfully done setting workspace for the tool. 
17:38:26 INFO  : Successfully done query RDI_DATADIR 
17:38:26 INFO  : Registering command handlers for Vitis TCF services
17:38:58 INFO  : Bit file '/home/parallels/te0711_prj/vitis_workspace/te0711_app/_ide/bitstream/download.bit' is generated.
17:38:58 INFO  : Connected to target on host '127.0.0.1' and port '3121'.
17:38:58 INFO  : 'targets -set -filter {jtag_cable_name =~ "JTAG-ONB4 251633005EB3A" && level==0} -index 0' command is executed.
17:38:59 INFO  : FPGA configured successfully with bitstream "/home/parallels/te0711_prj/vitis_workspace/te0711_app/_ide/bitstream/download.bit"
17:39:04 INFO  : Connected to target on host '127.0.0.1' and port '3121'.
17:39:04 INFO  : Jtag cable 'JTAG-ONB4 251633005EB3A' is selected.
17:39:04 INFO  : 'jtag frequency' command is executed.
17:39:04 INFO  : 'targets -set -filter {jtag_cable_name =~ "JTAG-ONB4 251633005EB3A" && level==0} -index 0' command is executed.
17:39:05 INFO  : FPGA configured successfully with bitstream "/home/parallels/te0711_prj/vitis_workspace/te0711_app/_ide/bitstream/download.bit"
17:39:05 INFO  : 'configparams mdm-detect-bscan-mask 2' command is executed.
17:39:05 INFO  : Context for processor 'microblaze_0' is selected.
17:39:05 INFO  : System reset is completed.
17:39:08 INFO  : 'after 3000' command is executed.
17:39:08 INFO  : Context for processor 'microblaze_0' is selected.
17:39:08 INFO  : The application '/home/parallels/te0711_prj/vitis_workspace/te0711_app/Debug/te0711_app.elf' is downloaded to processor 'microblaze_0'.
17:39:08 INFO  : ----------------XSDB Script----------------
connect -url tcp:127.0.0.1:3121
targets -set -filter {jtag_cable_name =~ "JTAG-ONB4 251633005EB3A" && level==0} -index 0
fpga -file /home/parallels/te0711_prj/vitis_workspace/te0711_app/_ide/bitstream/download.bit
configparams mdm-detect-bscan-mask 2
targets -set -nocase -filter {name =~ "*microblaze*#0" && bscan=="USER2" }
rst -system
after 3000
targets -set -nocase -filter {name =~ "*microblaze*#0" && bscan=="USER2" }
dow /home/parallels/te0711_prj/vitis_workspace/te0711_app/Debug/te0711_app.elf
----------------End of Script----------------

17:39:08 INFO  : Memory regions updated for context PA
17:39:08 INFO  : Memory regions updated for context MicroBlaze Debug Module at USER2
17:39:08 INFO  : Context for processor 'microblaze_0' is selected.
17:39:08 INFO  : 'con' command is executed.
17:39:08 INFO  : ----------------XSDB Script (After Launch)----------------
targets -set -nocase -filter {name =~ "*microblaze*#0" && bscan=="USER2" }
con
----------------End of Script----------------

17:39:08 INFO  : Launch script is exported to file '/home/parallels/te0711_prj/vitis_workspace/.sdk/launch_scripts/single_application_debug/debugger_te0711_app-default.tcl'
17:49:10 INFO  : Checking for BSP changes to sync application flags for project 'te0711_app'...
17:49:27 INFO  : Disconnected from the channel tcfchan#1.
17:49:28 INFO  : Connected to target on host '127.0.0.1' and port '3121'.
17:49:37 INFO  : ----------------XSDB Script----------------
connect -url tcp:127.0.0.1:3121
----------------End of Script----------------

17:49:37 ERROR : Could not find FPGA device on the board for connection 'Local'.


Troubleshooting hints:
1. Check whether board is connected to system properly.
2. In case of zynq board, check whether Digilent/Xilinx cable switch settings are correct.
3. If you are using Xilinx Platform Cable USB, ensure that status LED is green.
17:50:00 INFO  : Bit file '/home/parallels/te0711_prj/vitis_workspace/te0711_app/_ide/bitstream/download.bit' is generated.
17:50:00 INFO  : Connected to target on host '127.0.0.1' and port '3121'.
17:50:00 INFO  : 'targets -set -filter {jtag_cable_name =~ "JTAG-ONB4 251633005EB3A" && level==0} -index 0' command is executed.
17:50:01 INFO  : FPGA configured successfully with bitstream "/home/parallels/te0711_prj/vitis_workspace/te0711_app/_ide/bitstream/download.bit"
17:50:06 INFO  : Connected to target on host '127.0.0.1' and port '3121'.
17:50:06 INFO  : Jtag cable 'JTAG-ONB4 251633005EB3A' is selected.
17:50:06 INFO  : 'jtag frequency' command is executed.
17:50:06 INFO  : 'targets -set -filter {jtag_cable_name =~ "JTAG-ONB4 251633005EB3A" && level==0} -index 0' command is executed.
17:50:07 INFO  : FPGA configured successfully with bitstream "/home/parallels/te0711_prj/vitis_workspace/te0711_app/_ide/bitstream/download.bit"
17:50:07 INFO  : 'configparams mdm-detect-bscan-mask 2' command is executed.
17:50:07 INFO  : Context for processor 'microblaze_0' is selected.
17:50:07 INFO  : System reset is completed.
17:50:10 INFO  : 'after 3000' command is executed.
17:50:10 INFO  : Context for processor 'microblaze_0' is selected.
17:50:10 INFO  : The application '/home/parallels/te0711_prj/vitis_workspace/te0711_app/Debug/te0711_app.elf' is downloaded to processor 'microblaze_0'.
17:50:10 INFO  : ----------------XSDB Script----------------
connect -url tcp:127.0.0.1:3121
targets -set -filter {jtag_cable_name =~ "JTAG-ONB4 251633005EB3A" && level==0} -index 0
fpga -file /home/parallels/te0711_prj/vitis_workspace/te0711_app/_ide/bitstream/download.bit
configparams mdm-detect-bscan-mask 2
targets -set -nocase -filter {name =~ "*microblaze*#0" && bscan=="USER2" }
rst -system
after 3000
targets -set -nocase -filter {name =~ "*microblaze*#0" && bscan=="USER2" }
dow /home/parallels/te0711_prj/vitis_workspace/te0711_app/Debug/te0711_app.elf
----------------End of Script----------------

17:50:10 INFO  : Memory regions updated for context PA
17:50:10 INFO  : Memory regions updated for context MicroBlaze Debug Module at USER2
17:50:10 INFO  : Context for processor 'microblaze_0' is selected.
17:50:10 INFO  : 'con' command is executed.
17:50:10 INFO  : ----------------XSDB Script (After Launch)----------------
targets -set -nocase -filter {name =~ "*microblaze*#0" && bscan=="USER2" }
con
----------------End of Script----------------

17:50:10 INFO  : Launch script is exported to file '/home/parallels/te0711_prj/vitis_workspace/.sdk/launch_scripts/single_application_debug/debugger_te0711_app-default.tcl'
17:53:24 INFO  : Disconnected from the channel tcfchan#3.
17:53:40 INFO  : Checking for BSP changes to sync application flags for project 'te0711_app'...
17:55:01 INFO  : Checking for BSP changes to sync application flags for project 'te0711_app'...
17:55:21 INFO  : Bit file '/home/parallels/te0711_prj/vitis_workspace/te0711_app/_ide/bitstream/download.bit' is generated.
17:55:21 INFO  : Connected to target on host '127.0.0.1' and port '3121'.
17:55:21 INFO  : 'targets -set -filter {jtag_cable_name =~ "JTAG-ONB4 251633005EB3A" && level==0} -index 0' command is executed.
17:55:22 INFO  : FPGA configured successfully with bitstream "/home/parallels/te0711_prj/vitis_workspace/te0711_app/_ide/bitstream/download.bit"
17:55:29 INFO  : Connected to target on host '127.0.0.1' and port '3121'.
17:55:29 INFO  : Jtag cable 'JTAG-ONB4 251633005EB3A' is selected.
17:55:29 INFO  : 'jtag frequency' command is executed.
17:55:29 INFO  : 'targets -set -filter {jtag_cable_name =~ "JTAG-ONB4 251633005EB3A" && level==0} -index 0' command is executed.
17:55:30 INFO  : FPGA configured successfully with bitstream "/home/parallels/te0711_prj/vitis_workspace/te0711_app/_ide/bitstream/download.bit"
17:55:30 INFO  : 'configparams mdm-detect-bscan-mask 2' command is executed.
17:55:30 INFO  : Context for processor 'microblaze_0' is selected.
17:55:30 INFO  : System reset is completed.
17:55:33 INFO  : 'after 3000' command is executed.
17:55:33 INFO  : Context for processor 'microblaze_0' is selected.
17:55:33 INFO  : The application '/home/parallels/te0711_prj/vitis_workspace/te0711_app/Debug/te0711_app.elf' is downloaded to processor 'microblaze_0'.
17:55:33 INFO  : ----------------XSDB Script----------------
connect -url tcp:127.0.0.1:3121
targets -set -filter {jtag_cable_name =~ "JTAG-ONB4 251633005EB3A" && level==0} -index 0
fpga -file /home/parallels/te0711_prj/vitis_workspace/te0711_app/_ide/bitstream/download.bit
configparams mdm-detect-bscan-mask 2
targets -set -nocase -filter {name =~ "*microblaze*#0" && bscan=="USER2" }
rst -system
after 3000
targets -set -nocase -filter {name =~ "*microblaze*#0" && bscan=="USER2" }
dow /home/parallels/te0711_prj/vitis_workspace/te0711_app/Debug/te0711_app.elf
----------------End of Script----------------

17:55:33 INFO  : Memory regions updated for context PA
17:55:33 INFO  : Memory regions updated for context MicroBlaze Debug Module at USER2
17:55:33 INFO  : Context for processor 'microblaze_0' is selected.
17:55:33 INFO  : 'con' command is executed.
17:55:33 INFO  : ----------------XSDB Script (After Launch)----------------
targets -set -nocase -filter {name =~ "*microblaze*#0" && bscan=="USER2" }
con
----------------End of Script----------------

17:55:33 INFO  : Launch script is exported to file '/home/parallels/te0711_prj/vitis_workspace/.sdk/launch_scripts/single_application_debug/debugger_te0711_app-default.tcl'
17:56:40 INFO  : Disconnected from the channel tcfchan#4.
17:56:51 INFO  : Checking for BSP changes to sync application flags for project 'te0711_app'...
17:57:17 INFO  : Bit file '/home/parallels/te0711_prj/vitis_workspace/te0711_app/_ide/bitstream/download.bit' is generated.
17:57:17 INFO  : Connected to target on host '127.0.0.1' and port '3121'.
17:57:17 INFO  : 'targets -set -filter {jtag_cable_name =~ "JTAG-ONB4 251633005EB3A" && level==0} -index 0' command is executed.
17:57:18 INFO  : FPGA configured successfully with bitstream "/home/parallels/te0711_prj/vitis_workspace/te0711_app/_ide/bitstream/download.bit"
17:57:23 INFO  : Connected to target on host '127.0.0.1' and port '3121'.
17:57:23 INFO  : Jtag cable 'JTAG-ONB4 251633005EB3A' is selected.
17:57:23 INFO  : 'jtag frequency' command is executed.
17:57:23 INFO  : 'targets -set -filter {jtag_cable_name =~ "JTAG-ONB4 251633005EB3A" && level==0} -index 0' command is executed.
17:57:23 INFO  : FPGA configured successfully with bitstream "/home/parallels/te0711_prj/vitis_workspace/te0711_app/_ide/bitstream/download.bit"
17:57:23 INFO  : 'configparams mdm-detect-bscan-mask 2' command is executed.
17:57:23 INFO  : Context for processor 'microblaze_0' is selected.
17:57:23 INFO  : System reset is completed.
17:57:26 INFO  : 'after 3000' command is executed.
17:57:26 INFO  : Context for processor 'microblaze_0' is selected.
17:57:26 INFO  : The application '/home/parallels/te0711_prj/vitis_workspace/te0711_app/Debug/te0711_app.elf' is downloaded to processor 'microblaze_0'.
17:57:26 INFO  : ----------------XSDB Script----------------
connect -url tcp:127.0.0.1:3121
targets -set -filter {jtag_cable_name =~ "JTAG-ONB4 251633005EB3A" && level==0} -index 0
fpga -file /home/parallels/te0711_prj/vitis_workspace/te0711_app/_ide/bitstream/download.bit
configparams mdm-detect-bscan-mask 2
targets -set -nocase -filter {name =~ "*microblaze*#0" && bscan=="USER2" }
rst -system
after 3000
targets -set -nocase -filter {name =~ "*microblaze*#0" && bscan=="USER2" }
dow /home/parallels/te0711_prj/vitis_workspace/te0711_app/Debug/te0711_app.elf
----------------End of Script----------------

17:57:26 INFO  : Memory regions updated for context PA
17:57:26 INFO  : Memory regions updated for context MicroBlaze Debug Module at USER2
17:57:26 INFO  : Context for processor 'microblaze_0' is selected.
17:57:26 INFO  : 'con' command is executed.
17:57:26 INFO  : ----------------XSDB Script (After Launch)----------------
targets -set -nocase -filter {name =~ "*microblaze*#0" && bscan=="USER2" }
con
----------------End of Script----------------

17:57:26 INFO  : Launch script is exported to file '/home/parallels/te0711_prj/vitis_workspace/.sdk/launch_scripts/single_application_debug/debugger_te0711_app-default.tcl'
17:59:18 INFO  : Disconnected from the channel tcfchan#5.
18:01:58 INFO  : Checking for BSP changes to sync application flags for project 'te0711_app'...
18:04:43 INFO  : Successfully done sdx_reload_mss "/home/parallels/te0711_prj/vitis_workspace/te0711_pltfrm/microblaze_0/standalone_domain/bsp/system.mss"
18:04:56 INFO  : Example project xuartlite_polled_example_1 has been created successfully.
18:06:37 INFO  : Checking for BSP changes to sync application flags for project 'te0711_app'...
18:06:37 INFO  : Checking for BSP changes to sync application flags for project 'xuartlite_polled_example_1'...
18:07:09 INFO  : Checking for BSP changes to sync application flags for project 'te0711_app'...
18:07:10 INFO  : Checking for BSP changes to sync application flags for project 'xuartlite_polled_example_1'...
18:07:33 INFO  : Checking for BSP changes to sync application flags for project 'te0711_app'...
18:07:34 INFO  : Checking for BSP changes to sync application flags for project 'xuartlite_polled_example_1'...
18:07:42 INFO  : Checking for BSP changes to sync application flags for project 'te0711_app'...
18:07:42 INFO  : Checking for BSP changes to sync application flags for project 'xuartlite_polled_example_1'...
18:08:08 INFO  : Bit file '/home/parallels/te0711_prj/vitis_workspace/xuartlite_polled_example_1/_ide/bitstream/download.bit' is generated.
18:08:08 INFO  : Connected to target on host '127.0.0.1' and port '3121'.
18:08:08 INFO  : 'targets -set -filter {jtag_cable_name =~ "JTAG-ONB4 251633005EB3A" && level==0} -index 0' command is executed.
18:08:09 INFO  : FPGA configured successfully with bitstream "/home/parallels/te0711_prj/vitis_workspace/xuartlite_polled_example_1/_ide/bitstream/download.bit"
18:08:14 INFO  : Connected to target on host '127.0.0.1' and port '3121'.
18:08:14 INFO  : Jtag cable 'JTAG-ONB4 251633005EB3A' is selected.
18:08:14 INFO  : 'jtag frequency' command is executed.
18:08:14 INFO  : 'targets -set -filter {jtag_cable_name =~ "JTAG-ONB4 251633005EB3A" && level==0} -index 0' command is executed.
18:08:15 INFO  : FPGA configured successfully with bitstream "/home/parallels/te0711_prj/vitis_workspace/xuartlite_polled_example_1/_ide/bitstream/download.bit"
18:08:15 INFO  : 'configparams mdm-detect-bscan-mask 2' command is executed.
18:08:15 INFO  : Context for processor 'microblaze_0' is selected.
18:08:15 INFO  : System reset is completed.
18:08:18 INFO  : 'after 3000' command is executed.
18:08:18 INFO  : Context for processor 'microblaze_0' is selected.
18:08:18 INFO  : The application '/home/parallels/te0711_prj/vitis_workspace/xuartlite_polled_example_1/Debug/xuartlite_polled_example_1.elf' is downloaded to processor 'microblaze_0'.
18:08:18 INFO  : ----------------XSDB Script----------------
connect -url tcp:127.0.0.1:3121
targets -set -filter {jtag_cable_name =~ "JTAG-ONB4 251633005EB3A" && level==0} -index 0
fpga -file /home/parallels/te0711_prj/vitis_workspace/xuartlite_polled_example_1/_ide/bitstream/download.bit
configparams mdm-detect-bscan-mask 2
targets -set -nocase -filter {name =~ "*microblaze*#0" && bscan=="USER2" }
rst -system
after 3000
targets -set -nocase -filter {name =~ "*microblaze*#0" && bscan=="USER2" }
dow /home/parallels/te0711_prj/vitis_workspace/xuartlite_polled_example_1/Debug/xuartlite_polled_example_1.elf
----------------End of Script----------------

18:08:18 INFO  : Memory regions updated for context PA
18:08:18 INFO  : Memory regions updated for context MicroBlaze Debug Module at USER2
18:08:18 INFO  : Context for processor 'microblaze_0' is selected.
18:08:18 INFO  : 'con' command is executed.
18:08:18 INFO  : ----------------XSDB Script (After Launch)----------------
targets -set -nocase -filter {name =~ "*microblaze*#0" && bscan=="USER2" }
con
----------------End of Script----------------

18:08:18 INFO  : Launch script is exported to file '/home/parallels/te0711_prj/vitis_workspace/.sdk/launch_scripts/single_application_debug/debugger_xuartlite_polled_example_1-default.tcl'
18:08:46 INFO  : Disconnected from the channel tcfchan#7.
18:09:05 INFO  : Bit file '/home/parallels/te0711_prj/vitis_workspace/te0711_app/_ide/bitstream/download.bit' is generated.
18:09:05 INFO  : Connected to target on host '127.0.0.1' and port '3121'.
18:09:05 INFO  : 'targets -set -filter {jtag_cable_name =~ "JTAG-ONB4 251633005EB3A" && level==0} -index 0' command is executed.
18:09:06 INFO  : FPGA configured successfully with bitstream "/home/parallels/te0711_prj/vitis_workspace/te0711_app/_ide/bitstream/download.bit"
18:09:19 INFO  : Connected to target on host '127.0.0.1' and port '3121'.
18:09:19 INFO  : Jtag cable 'JTAG-ONB4 251633005EB3A' is selected.
18:09:19 INFO  : 'jtag frequency' command is executed.
18:09:19 INFO  : 'targets -set -filter {jtag_cable_name =~ "JTAG-ONB4 251633005EB3A" && level==0} -index 0' command is executed.
18:09:20 INFO  : FPGA configured successfully with bitstream "/home/parallels/te0711_prj/vitis_workspace/te0711_app/_ide/bitstream/download.bit"
18:09:20 INFO  : 'configparams mdm-detect-bscan-mask 2' command is executed.
18:09:20 INFO  : Context for processor 'microblaze_0' is selected.
18:09:20 INFO  : System reset is completed.
18:09:23 INFO  : 'after 3000' command is executed.
18:09:23 INFO  : Context for processor 'microblaze_0' is selected.
18:09:23 INFO  : The application '/home/parallels/te0711_prj/vitis_workspace/te0711_app/Debug/te0711_app.elf' is downloaded to processor 'microblaze_0'.
18:09:23 INFO  : ----------------XSDB Script----------------
connect -url tcp:127.0.0.1:3121
targets -set -filter {jtag_cable_name =~ "JTAG-ONB4 251633005EB3A" && level==0} -index 0
fpga -file /home/parallels/te0711_prj/vitis_workspace/te0711_app/_ide/bitstream/download.bit
configparams mdm-detect-bscan-mask 2
targets -set -nocase -filter {name =~ "*microblaze*#0" && bscan=="USER2" }
rst -system
after 3000
targets -set -nocase -filter {name =~ "*microblaze*#0" && bscan=="USER2" }
dow /home/parallels/te0711_prj/vitis_workspace/te0711_app/Debug/te0711_app.elf
----------------End of Script----------------

18:09:23 INFO  : Memory regions updated for context PA
18:09:23 INFO  : Memory regions updated for context MicroBlaze Debug Module at USER2
18:09:23 INFO  : Context for processor 'microblaze_0' is selected.
18:09:23 INFO  : 'con' command is executed.
18:09:23 INFO  : ----------------XSDB Script (After Launch)----------------
targets -set -nocase -filter {name =~ "*microblaze*#0" && bscan=="USER2" }
con
----------------End of Script----------------

18:09:23 INFO  : Launch script is exported to file '/home/parallels/te0711_prj/vitis_workspace/.sdk/launch_scripts/single_application_debug/debugger_te0711_app-default.tcl'
18:09:59 INFO  : Disconnected from the channel tcfchan#8.
18:12:49 INFO  : Bit file '/home/parallels/te0711_prj/vitis_workspace/te0711_app/_ide/bitstream/download.bit' is generated.
18:12:49 INFO  : Connected to target on host '127.0.0.1' and port '3121'.
18:12:50 INFO  : 'targets -set -filter {jtag_cable_name =~ "JTAG-ONB4 251633005EB3A" && level==0} -index 0' command is executed.
18:12:50 INFO  : FPGA configured successfully with bitstream "/home/parallels/te0711_prj/vitis_workspace/te0711_app/_ide/bitstream/download.bit"
18:12:57 INFO  : Connected to target on host '127.0.0.1' and port '3121'.
18:12:57 INFO  : Jtag cable 'JTAG-ONB4 251633005EB3A' is selected.
18:12:57 INFO  : 'jtag frequency' command is executed.
18:12:57 INFO  : 'targets -set -filter {jtag_cable_name =~ "JTAG-ONB4 251633005EB3A" && level==0} -index 0' command is executed.
18:12:57 INFO  : FPGA configured successfully with bitstream "/home/parallels/te0711_prj/vitis_workspace/te0711_app/_ide/bitstream/download.bit"
18:12:58 INFO  : 'configparams mdm-detect-bscan-mask 2' command is executed.
18:12:58 INFO  : Context for processor 'microblaze_0' is selected.
18:12:58 INFO  : System reset is completed.
18:13:01 INFO  : 'after 3000' command is executed.
18:13:01 INFO  : Context for processor 'microblaze_0' is selected.
18:13:01 INFO  : The application '/home/parallels/te0711_prj/vitis_workspace/te0711_app/Debug/te0711_app.elf' is downloaded to processor 'microblaze_0'.
18:13:01 INFO  : ----------------XSDB Script----------------
connect -url tcp:127.0.0.1:3121
targets -set -filter {jtag_cable_name =~ "JTAG-ONB4 251633005EB3A" && level==0} -index 0
fpga -file /home/parallels/te0711_prj/vitis_workspace/te0711_app/_ide/bitstream/download.bit
configparams mdm-detect-bscan-mask 2
targets -set -nocase -filter {name =~ "*microblaze*#0" && bscan=="USER2" }
rst -system
after 3000
targets -set -nocase -filter {name =~ "*microblaze*#0" && bscan=="USER2" }
dow /home/parallels/te0711_prj/vitis_workspace/te0711_app/Debug/te0711_app.elf
----------------End of Script----------------

18:13:01 INFO  : Memory regions updated for context PA
18:13:01 INFO  : Memory regions updated for context MicroBlaze Debug Module at USER2
18:13:01 INFO  : Context for processor 'microblaze_0' is selected.
18:13:01 INFO  : 'con' command is executed.
18:13:01 INFO  : ----------------XSDB Script (After Launch)----------------
targets -set -nocase -filter {name =~ "*microblaze*#0" && bscan=="USER2" }
con
----------------End of Script----------------

18:13:01 INFO  : Launch script is exported to file '/home/parallels/te0711_prj/vitis_workspace/.sdk/launch_scripts/single_application_debug/debugger_te0711_app-default.tcl'
18:13:25 INFO  : Disconnected from the channel tcfchan#9.
18:13:32 INFO  : Checking for BSP changes to sync application flags for project 'te0711_app'...
18:13:33 INFO  : Checking for BSP changes to sync application flags for project 'xuartlite_polled_example_1'...
18:13:52 INFO  : Bit file '/home/parallels/te0711_prj/vitis_workspace/te0711_app/_ide/bitstream/download.bit' is generated.
18:13:52 INFO  : Connected to target on host '127.0.0.1' and port '3121'.
18:13:52 INFO  : 'targets -set -filter {jtag_cable_name =~ "JTAG-ONB4 251633005EB3A" && level==0} -index 0' command is executed.
18:13:53 INFO  : FPGA configured successfully with bitstream "/home/parallels/te0711_prj/vitis_workspace/te0711_app/_ide/bitstream/download.bit"
18:14:01 INFO  : Connected to target on host '127.0.0.1' and port '3121'.
18:14:01 INFO  : Jtag cable 'JTAG-ONB4 251633005EB3A' is selected.
18:14:01 INFO  : 'jtag frequency' command is executed.
18:14:01 INFO  : 'targets -set -filter {jtag_cable_name =~ "JTAG-ONB4 251633005EB3A" && level==0} -index 0' command is executed.
18:14:02 INFO  : FPGA configured successfully with bitstream "/home/parallels/te0711_prj/vitis_workspace/te0711_app/_ide/bitstream/download.bit"
18:14:02 INFO  : 'configparams mdm-detect-bscan-mask 2' command is executed.
18:14:02 INFO  : Context for processor 'microblaze_0' is selected.
18:14:02 INFO  : System reset is completed.
18:14:05 INFO  : 'after 3000' command is executed.
18:14:05 INFO  : Context for processor 'microblaze_0' is selected.
18:14:05 INFO  : The application '/home/parallels/te0711_prj/vitis_workspace/te0711_app/Debug/te0711_app.elf' is downloaded to processor 'microblaze_0'.
18:14:05 INFO  : ----------------XSDB Script----------------
connect -url tcp:127.0.0.1:3121
targets -set -filter {jtag_cable_name =~ "JTAG-ONB4 251633005EB3A" && level==0} -index 0
fpga -file /home/parallels/te0711_prj/vitis_workspace/te0711_app/_ide/bitstream/download.bit
configparams mdm-detect-bscan-mask 2
targets -set -nocase -filter {name =~ "*microblaze*#0" && bscan=="USER2" }
rst -system
after 3000
targets -set -nocase -filter {name =~ "*microblaze*#0" && bscan=="USER2" }
dow /home/parallels/te0711_prj/vitis_workspace/te0711_app/Debug/te0711_app.elf
----------------End of Script----------------

18:14:05 INFO  : Memory regions updated for context PA
18:14:05 INFO  : Memory regions updated for context MicroBlaze Debug Module at USER2
18:14:05 INFO  : Context for processor 'microblaze_0' is selected.
18:14:05 INFO  : 'con' command is executed.
18:14:05 INFO  : ----------------XSDB Script (After Launch)----------------
targets -set -nocase -filter {name =~ "*microblaze*#0" && bscan=="USER2" }
con
----------------End of Script----------------

18:14:05 INFO  : Launch script is exported to file '/home/parallels/te0711_prj/vitis_workspace/.sdk/launch_scripts/single_application_debug/debugger_te0711_app-default.tcl'
18:14:58 INFO  : Disconnected from the channel tcfchan#10.
18:16:08 INFO  : Checking for BSP changes to sync application flags for project 'te0711_app'...
18:16:09 INFO  : Checking for BSP changes to sync application flags for project 'xuartlite_polled_example_1'...
18:16:27 INFO  : Checking for BSP changes to sync application flags for project 'te0711_app'...
18:17:27 INFO  : Checking for BSP changes to sync application flags for project 'te0711_app'...
18:18:30 INFO  : Checking for BSP changes to sync application flags for project 'te0711_app'...
18:19:27 INFO  : (SwPlaform) Successfully done setParamInSpec 
18:19:28 INFO  : (SwPlaform) Successfully done setParamInSpec 
18:19:30 INFO  : (SwPlaform) Successfully done setParamInSpec 
18:21:34 INFO  : (SwPlatform) Successfully done update_mss 
18:21:34 INFO  : No changes in MSS file content so sources will not be generated.
18:22:00 INFO  : Checking for BSP changes to sync application flags for project 'te0711_app'...
18:23:47 INFO  : Bit file '/home/parallels/te0711_prj/vitis_workspace/te0711_app/_ide/bitstream/download.bit' is generated.
18:23:47 INFO  : Connected to target on host '127.0.0.1' and port '3121'.
18:23:47 INFO  : 'targets -set -filter {jtag_cable_name =~ "JTAG-ONB4 251633005EB3A" && level==0} -index 0' command is executed.
18:23:48 INFO  : FPGA configured successfully with bitstream "/home/parallels/te0711_prj/vitis_workspace/te0711_app/_ide/bitstream/download.bit"
18:23:58 INFO  : Connected to target on host '127.0.0.1' and port '3121'.
18:23:58 INFO  : Jtag cable 'JTAG-ONB4 251633005EB3A' is selected.
18:23:58 INFO  : 'jtag frequency' command is executed.
18:23:58 INFO  : 'targets -set -filter {jtag_cable_name =~ "JTAG-ONB4 251633005EB3A" && level==0} -index 0' command is executed.
18:23:58 INFO  : FPGA configured successfully with bitstream "/home/parallels/te0711_prj/vitis_workspace/te0711_app/_ide/bitstream/download.bit"
18:23:58 INFO  : 'configparams mdm-detect-bscan-mask 2' command is executed.
18:23:58 INFO  : Context for processor 'microblaze_0' is selected.
18:23:58 INFO  : System reset is completed.
18:24:01 INFO  : 'after 3000' command is executed.
18:24:01 INFO  : Context for processor 'microblaze_0' is selected.
18:24:01 INFO  : The application '/home/parallels/te0711_prj/vitis_workspace/te0711_app/Debug/te0711_app.elf' is downloaded to processor 'microblaze_0'.
18:24:01 INFO  : ----------------XSDB Script----------------
connect -url tcp:127.0.0.1:3121
targets -set -filter {jtag_cable_name =~ "JTAG-ONB4 251633005EB3A" && level==0} -index 0
fpga -file /home/parallels/te0711_prj/vitis_workspace/te0711_app/_ide/bitstream/download.bit
configparams mdm-detect-bscan-mask 2
targets -set -nocase -filter {name =~ "*microblaze*#0" && bscan=="USER2" }
rst -system
after 3000
targets -set -nocase -filter {name =~ "*microblaze*#0" && bscan=="USER2" }
dow /home/parallels/te0711_prj/vitis_workspace/te0711_app/Debug/te0711_app.elf
----------------End of Script----------------

18:24:01 INFO  : Memory regions updated for context PA
18:24:01 INFO  : Memory regions updated for context MicroBlaze Debug Module at USER2
18:24:02 INFO  : Context for processor 'microblaze_0' is selected.
18:24:02 INFO  : 'con' command is executed.
18:24:02 INFO  : ----------------XSDB Script (After Launch)----------------
targets -set -nocase -filter {name =~ "*microblaze*#0" && bscan=="USER2" }
con
----------------End of Script----------------

18:24:02 INFO  : Launch script is exported to file '/home/parallels/te0711_prj/vitis_workspace/.sdk/launch_scripts/single_application_debug/debugger_te0711_app-default.tcl'
18:30:54 INFO  : Disconnected from the channel tcfchan#12.
07:04:07 INFO  : Launching XSCT server: xsct -n  -interactive /home/parallels/te0711_prj/vitis_workspace/temp_xsdb_launch_script.tcl
07:04:10 INFO  : Registering command handlers for Vitis TCF services
07:04:10 INFO  : XSCT server has started successfully.
07:04:11 INFO  : plnx-install-location is set to ''
07:04:11 INFO  : Successfully done query RDI_DATADIR 
07:04:11 INFO  : Successfully done setting XSCT server connection channel  
07:04:11 INFO  : Successfully done setting workspace for the tool. 
07:17:53 INFO  : Checking for BSP changes to sync application flags for project 'te0711_app'...
07:18:29 INFO  : Checking for BSP changes to sync application flags for project 'te0711_app'...
07:19:09 INFO  : Bit file '/home/parallels/te0711_prj/vitis_workspace/te0711_app/_ide/bitstream/download.bit' is generated.
07:19:09 INFO  : Connected to target on host '127.0.0.1' and port '3121'.
07:19:09 INFO  : 'targets -set -filter {jtag_cable_name =~ "JTAG-ONB4 251633005EB3A" && level==0} -index 0' command is executed.
07:19:10 INFO  : FPGA configured successfully with bitstream "/home/parallels/te0711_prj/vitis_workspace/te0711_app/_ide/bitstream/download.bit"
07:19:55 INFO  : Connected to target on host '127.0.0.1' and port '3121'.
07:19:55 INFO  : Jtag cable 'JTAG-ONB4 251633005EB3A' is selected.
07:19:55 INFO  : 'jtag frequency' command is executed.
07:19:55 INFO  : 'targets -set -filter {jtag_cable_name =~ "JTAG-ONB4 251633005EB3A" && level==0} -index 0' command is executed.
07:19:56 INFO  : FPGA configured successfully with bitstream "/home/parallels/te0711_prj/vitis_workspace/te0711_app/_ide/bitstream/download.bit"
07:19:56 INFO  : 'configparams mdm-detect-bscan-mask 2' command is executed.
07:19:56 INFO  : Context for processor 'microblaze_0' is selected.
07:19:56 INFO  : System reset is completed.
07:19:59 INFO  : 'after 3000' command is executed.
07:19:59 INFO  : Context for processor 'microblaze_0' is selected.
07:19:59 INFO  : The application '/home/parallels/te0711_prj/vitis_workspace/te0711_app/Debug/te0711_app.elf' is downloaded to processor 'microblaze_0'.
07:19:59 INFO  : ----------------XSDB Script----------------
connect -url tcp:127.0.0.1:3121
targets -set -filter {jtag_cable_name =~ "JTAG-ONB4 251633005EB3A" && level==0} -index 0
fpga -file /home/parallels/te0711_prj/vitis_workspace/te0711_app/_ide/bitstream/download.bit
configparams mdm-detect-bscan-mask 2
targets -set -nocase -filter {name =~ "*microblaze*#0" && bscan=="USER2" }
rst -system
after 3000
targets -set -nocase -filter {name =~ "*microblaze*#0" && bscan=="USER2" }
dow /home/parallels/te0711_prj/vitis_workspace/te0711_app/Debug/te0711_app.elf
----------------End of Script----------------

07:19:59 INFO  : Memory regions updated for context PA
07:19:59 INFO  : Memory regions updated for context MicroBlaze Debug Module at USER2
07:19:59 INFO  : Context for processor 'microblaze_0' is selected.
07:19:59 INFO  : 'con' command is executed.
07:19:59 INFO  : ----------------XSDB Script (After Launch)----------------
targets -set -nocase -filter {name =~ "*microblaze*#0" && bscan=="USER2" }
con
----------------End of Script----------------

07:19:59 INFO  : Launch script is exported to file '/home/parallels/te0711_prj/vitis_workspace/.sdk/launch_scripts/single_application_debug/debugger_te0711_app-default.tcl'
07:24:03 INFO  : Disconnected from the channel tcfchan#1.
11:40:37 INFO  : Checking for BSP changes to sync application flags for project 'te0711_app'...
11:43:39 INFO  : Checking for BSP changes to sync application flags for project 'te0711_app'...
11:44:54 INFO  : Checking for BSP changes to sync application flags for project 'te0711_app'...
11:46:18 INFO  : Bit file '/home/parallels/te0711_prj/vitis_workspace/te0711_app/_ide/bitstream/download.bit' is generated.
11:46:18 INFO  : Connected to target on host '127.0.0.1' and port '3121'.
11:46:19 INFO  : 'targets -set -filter {jtag_cable_name =~ "JTAG-ONB4 251633005EB3A" && level==0} -index 0' command is executed.
11:46:19 INFO  : FPGA configured successfully with bitstream "/home/parallels/te0711_prj/vitis_workspace/te0711_app/_ide/bitstream/download.bit"
11:46:25 INFO  : Connected to target on host '127.0.0.1' and port '3121'.
11:46:25 INFO  : Jtag cable 'JTAG-ONB4 251633005EB3A' is selected.
11:46:25 INFO  : 'jtag frequency' command is executed.
11:46:25 INFO  : 'targets -set -filter {jtag_cable_name =~ "JTAG-ONB4 251633005EB3A" && level==0} -index 0' command is executed.
11:46:26 INFO  : FPGA configured successfully with bitstream "/home/parallels/te0711_prj/vitis_workspace/te0711_app/_ide/bitstream/download.bit"
11:46:26 INFO  : 'configparams mdm-detect-bscan-mask 2' command is executed.
11:46:26 INFO  : Context for processor 'microblaze_0' is selected.
11:46:26 INFO  : System reset is completed.
11:46:29 INFO  : 'after 3000' command is executed.
11:46:29 INFO  : Context for processor 'microblaze_0' is selected.
11:46:29 INFO  : The application '/home/parallels/te0711_prj/vitis_workspace/te0711_app/Debug/te0711_app.elf' is downloaded to processor 'microblaze_0'.
11:46:29 INFO  : ----------------XSDB Script----------------
connect -url tcp:127.0.0.1:3121
targets -set -filter {jtag_cable_name =~ "JTAG-ONB4 251633005EB3A" && level==0} -index 0
fpga -file /home/parallels/te0711_prj/vitis_workspace/te0711_app/_ide/bitstream/download.bit
configparams mdm-detect-bscan-mask 2
targets -set -nocase -filter {name =~ "*microblaze*#0" && bscan=="USER2" }
rst -system
after 3000
targets -set -nocase -filter {name =~ "*microblaze*#0" && bscan=="USER2" }
dow /home/parallels/te0711_prj/vitis_workspace/te0711_app/Debug/te0711_app.elf
----------------End of Script----------------

11:46:29 INFO  : Memory regions updated for context PA
11:46:29 INFO  : Memory regions updated for context MicroBlaze Debug Module at USER2
11:46:29 INFO  : Context for processor 'microblaze_0' is selected.
11:46:29 INFO  : 'con' command is executed.
11:46:29 INFO  : ----------------XSDB Script (After Launch)----------------
targets -set -nocase -filter {name =~ "*microblaze*#0" && bscan=="USER2" }
con
----------------End of Script----------------

11:46:29 INFO  : Launch script is exported to file '/home/parallels/te0711_prj/vitis_workspace/.sdk/launch_scripts/single_application_debug/debugger_te0711_app-default.tcl'
11:47:45 INFO  : Disconnected from the channel tcfchan#2.
11:48:57 INFO  : Checking for BSP changes to sync application flags for project 'te0711_app'...
11:49:17 INFO  : Bit file '/home/parallels/te0711_prj/vitis_workspace/te0711_app/_ide/bitstream/download.bit' is generated.
11:49:18 INFO  : Connected to target on host '127.0.0.1' and port '3121'.
11:49:18 INFO  : 'targets -set -filter {jtag_cable_name =~ "JTAG-ONB4 251633005EB3A" && level==0} -index 0' command is executed.
11:49:18 INFO  : FPGA configured successfully with bitstream "/home/parallels/te0711_prj/vitis_workspace/te0711_app/_ide/bitstream/download.bit"
11:49:35 INFO  : Connected to target on host '127.0.0.1' and port '3121'.
11:49:35 INFO  : Jtag cable 'JTAG-ONB4 251633005EB3A' is selected.
11:49:35 INFO  : 'jtag frequency' command is executed.
11:49:35 INFO  : 'targets -set -filter {jtag_cable_name =~ "JTAG-ONB4 251633005EB3A" && level==0} -index 0' command is executed.
11:49:36 INFO  : FPGA configured successfully with bitstream "/home/parallels/te0711_prj/vitis_workspace/te0711_app/_ide/bitstream/download.bit"
11:49:36 INFO  : 'configparams mdm-detect-bscan-mask 2' command is executed.
11:49:36 INFO  : Context for processor 'microblaze_0' is selected.
11:49:36 INFO  : System reset is completed.
11:49:39 INFO  : 'after 3000' command is executed.
11:49:39 INFO  : Context for processor 'microblaze_0' is selected.
11:49:39 INFO  : The application '/home/parallels/te0711_prj/vitis_workspace/te0711_app/Debug/te0711_app.elf' is downloaded to processor 'microblaze_0'.
11:49:39 INFO  : ----------------XSDB Script----------------
connect -url tcp:127.0.0.1:3121
targets -set -filter {jtag_cable_name =~ "JTAG-ONB4 251633005EB3A" && level==0} -index 0
fpga -file /home/parallels/te0711_prj/vitis_workspace/te0711_app/_ide/bitstream/download.bit
configparams mdm-detect-bscan-mask 2
targets -set -nocase -filter {name =~ "*microblaze*#0" && bscan=="USER2" }
rst -system
after 3000
targets -set -nocase -filter {name =~ "*microblaze*#0" && bscan=="USER2" }
dow /home/parallels/te0711_prj/vitis_workspace/te0711_app/Debug/te0711_app.elf
----------------End of Script----------------

11:49:39 INFO  : Memory regions updated for context PA
11:49:39 INFO  : Memory regions updated for context MicroBlaze Debug Module at USER2
11:49:39 INFO  : Context for processor 'microblaze_0' is selected.
11:49:39 INFO  : 'con' command is executed.
11:49:39 INFO  : ----------------XSDB Script (After Launch)----------------
targets -set -nocase -filter {name =~ "*microblaze*#0" && bscan=="USER2" }
con
----------------End of Script----------------

11:49:39 INFO  : Launch script is exported to file '/home/parallels/te0711_prj/vitis_workspace/.sdk/launch_scripts/single_application_debug/debugger_te0711_app-default.tcl'
12:55:29 INFO  : Disconnected from the channel tcfchan#3.
